[2025-11-02T15:21:32.461+0000] {local_task_job_runner.py:120} INFO - ::group::Pre task execution logs
[2025-11-02T15:21:32.537+0000] {taskinstance.py:2076} INFO - Dependencies all met for dep_context=non-requeueable deps ti=<TaskInstance: access_log_refresh_dag.run_dbt_models manual__2025-11-02T15:15:51.598538+00:00 [queued]>
[2025-11-02T15:21:32.556+0000] {taskinstance.py:2076} INFO - Dependencies all met for dep_context=requeueable deps ti=<TaskInstance: access_log_refresh_dag.run_dbt_models manual__2025-11-02T15:15:51.598538+00:00 [queued]>
[2025-11-02T15:21:32.557+0000] {taskinstance.py:2306} INFO - Starting attempt 1 of 2
[2025-11-02T15:21:32.584+0000] {taskinstance.py:2330} INFO - Executing <Task(BashOperator): run_dbt_models> on 2025-11-02 15:15:51.598538+00:00
[2025-11-02T15:21:32.605+0000] {standard_task_runner.py:90} INFO - Running: ['airflow', 'tasks', 'run', 'access_log_refresh_dag', 'run_dbt_models', 'manual__2025-11-02T15:15:51.598538+00:00', '--job-id', '6', '--raw', '--subdir', 'DAGS_FOLDER/access_log_refresh_dag.py', '--cfg-path', '/tmp/tmpzzzkgk0q']
[2025-11-02T15:21:32.622+0000] {standard_task_runner.py:91} INFO - Job 6: Subtask run_dbt_models
[2025-11-02T15:21:32.646+0000] {logging_mixin.py:188} WARNING - /home/airflow/.local/lib/python3.12/site-packages/airflow/task/task_runner/standard_task_runner.py:62 DeprecationWarning: This process (pid=392) is multi-threaded, use of fork() may lead to deadlocks in the child.
[2025-11-02T15:21:32.647+0000] {standard_task_runner.py:64} INFO - Started process 393 to run task
[2025-11-02T15:21:32.782+0000] {task_command.py:426} INFO - Running <TaskInstance: access_log_refresh_dag.run_dbt_models manual__2025-11-02T15:15:51.598538+00:00 [running]> on host e34b3a823b72
[2025-11-02T15:21:33.003+0000] {taskinstance.py:2648} INFO - Exporting env vars: AIRFLOW_CTX_DAG_OWNER='airflow' AIRFLOW_CTX_DAG_ID='access_log_refresh_dag' AIRFLOW_CTX_TASK_ID='run_dbt_models' AIRFLOW_CTX_EXECUTION_DATE='2025-11-02T15:15:51.598538+00:00' AIRFLOW_CTX_TRY_NUMBER='1' AIRFLOW_CTX_DAG_RUN_ID='manual__2025-11-02T15:15:51.598538+00:00'
[2025-11-02T15:21:33.005+0000] {taskinstance.py:430} INFO - ::endgroup::
[2025-11-02T15:21:33.029+0000] {subprocess.py:63} INFO - Tmp dir root location: /tmp
[2025-11-02T15:21:33.030+0000] {subprocess.py:75} INFO - Running command: ['/usr/bin/bash', '-c', 'dbt run --project-dir /home/airflow/dbt_projects/access_log_project --profiles-dir /home/airflow/.dbt']
[2025-11-02T15:21:33.046+0000] {subprocess.py:86} INFO - Output:
[2025-11-02T15:21:38.309+0000] {subprocess.py:93} INFO - [0m15:21:38  Running with dbt=1.9.0
[2025-11-02T15:21:38.973+0000] {subprocess.py:93} INFO - [0m15:21:38  Registered adapter: postgres=1.9.0
[2025-11-02T15:21:40.538+0000] {subprocess.py:93} INFO - [0m15:21:40  Found 3 models, 1 source, 434 macros
[2025-11-02T15:21:40.543+0000] {subprocess.py:93} INFO - [0m15:21:40
[2025-11-02T15:21:40.544+0000] {subprocess.py:93} INFO - [0m15:21:40  Concurrency: 1 threads (target='dev')
[2025-11-02T15:21:40.545+0000] {subprocess.py:93} INFO - [0m15:21:40
[2025-11-02T15:21:40.903+0000] {subprocess.py:93} INFO - [0m15:21:40  1 of 3 START sql view model gold.stg_access_logs ............................... [RUN]
[2025-11-02T15:21:41.193+0000] {subprocess.py:93} INFO - [0m15:21:41  1 of 3 OK created sql view model gold.stg_access_logs .......................... [[32mCREATE VIEW[0m in 0.28s]
[2025-11-02T15:21:41.198+0000] {subprocess.py:93} INFO - [0m15:21:41  2 of 3 START sql view model gold.agg_user_activity ............................. [RUN]
[2025-11-02T15:21:41.282+0000] {subprocess.py:93} INFO - [0m15:21:41  2 of 3 OK created sql view model gold.agg_user_activity ........................ [[32mCREATE VIEW[0m in 0.08s]
[2025-11-02T15:21:41.286+0000] {subprocess.py:93} INFO - [0m15:21:41  3 of 3 START sql view model gold.suspicious_activity ........................... [RUN]
[2025-11-02T15:21:41.382+0000] {subprocess.py:93} INFO - [0m15:21:41  3 of 3 OK created sql view model gold.suspicious_activity ...................... [[32mCREATE VIEW[0m in 0.09s]
[2025-11-02T15:21:41.420+0000] {subprocess.py:93} INFO - [0m15:21:41
[2025-11-02T15:21:41.421+0000] {subprocess.py:93} INFO - [0m15:21:41  Finished running 3 view models in 0 hours 0 minutes and 0.87 seconds (0.87s).
[2025-11-02T15:21:41.495+0000] {subprocess.py:93} INFO - [0m15:21:41
[2025-11-02T15:21:41.497+0000] {subprocess.py:93} INFO - [0m15:21:41  [32mCompleted successfully[0m
[2025-11-02T15:21:41.497+0000] {subprocess.py:93} INFO - [0m15:21:41
[2025-11-02T15:21:41.498+0000] {subprocess.py:93} INFO - [0m15:21:41  Done. PASS=3 WARN=0 ERROR=0 SKIP=0 TOTAL=3
[2025-11-02T15:21:50.026+0000] {subprocess.py:97} INFO - Command exited with return code 0
[2025-11-02T15:21:50.028+0000] {taskinstance.py:441} INFO - ::group::Post task execution logs
[2025-11-02T15:21:50.133+0000] {taskinstance.py:1206} INFO - Marking task as SUCCESS. dag_id=access_log_refresh_dag, task_id=run_dbt_models, run_id=manual__2025-11-02T15:15:51.598538+00:00, execution_date=20251102T151551, start_date=20251102T152132, end_date=20251102T152150
[2025-11-02T15:21:50.228+0000] {local_task_job_runner.py:243} INFO - Task exited with return code 0
[2025-11-02T15:21:50.295+0000] {taskinstance.py:3503} INFO - 0 downstream tasks scheduled from follow-on schedule check
[2025-11-02T15:21:50.301+0000] {local_task_job_runner.py:222} INFO - ::endgroup::
