[2025-11-01T18:34:44.828+0000] {local_task_job_runner.py:120} INFO - ::group::Pre task execution logs
[2025-11-01T18:34:44.897+0000] {taskinstance.py:2076} INFO - Dependencies all met for dep_context=non-requeueable deps ti=<TaskInstance: access_log_refresh_dag.run_dbt_models manual__2025-11-01T18:29:29.305003+00:00 [queued]>
[2025-11-01T18:34:44.912+0000] {taskinstance.py:2076} INFO - Dependencies all met for dep_context=requeueable deps ti=<TaskInstance: access_log_refresh_dag.run_dbt_models manual__2025-11-01T18:29:29.305003+00:00 [queued]>
[2025-11-01T18:34:44.913+0000] {taskinstance.py:2306} INFO - Starting attempt 2 of 2
[2025-11-01T18:34:44.940+0000] {taskinstance.py:2330} INFO - Executing <Task(BashOperator): run_dbt_models> on 2025-11-01 18:29:29.305003+00:00
[2025-11-01T18:34:44.955+0000] {standard_task_runner.py:90} INFO - Running: ['airflow', 'tasks', 'run', 'access_log_refresh_dag', 'run_dbt_models', 'manual__2025-11-01T18:29:29.305003+00:00', '--job-id', '21', '--raw', '--subdir', 'DAGS_FOLDER/access_log_refresh_dag.py', '--cfg-path', '/tmp/tmpotnjv4jt']
[2025-11-01T18:34:44.963+0000] {standard_task_runner.py:91} INFO - Job 21: Subtask run_dbt_models
[2025-11-01T18:34:44.966+0000] {logging_mixin.py:188} WARNING - /home/airflow/.local/lib/python3.12/site-packages/airflow/task/task_runner/standard_task_runner.py:62 DeprecationWarning: This process (pid=357) is multi-threaded, use of fork() may lead to deadlocks in the child.
[2025-11-01T18:34:44.967+0000] {standard_task_runner.py:64} INFO - Started process 358 to run task
[2025-11-01T18:34:45.085+0000] {task_command.py:426} INFO - Running <TaskInstance: access_log_refresh_dag.run_dbt_models manual__2025-11-01T18:29:29.305003+00:00 [running]> on host 51231d51eec1
[2025-11-01T18:34:45.285+0000] {taskinstance.py:2648} INFO - Exporting env vars: AIRFLOW_CTX_DAG_OWNER='airflow' AIRFLOW_CTX_DAG_ID='access_log_refresh_dag' AIRFLOW_CTX_TASK_ID='run_dbt_models' AIRFLOW_CTX_EXECUTION_DATE='2025-11-01T18:29:29.305003+00:00' AIRFLOW_CTX_TRY_NUMBER='2' AIRFLOW_CTX_DAG_RUN_ID='manual__2025-11-01T18:29:29.305003+00:00'
[2025-11-01T18:34:45.286+0000] {taskinstance.py:430} INFO - ::endgroup::
[2025-11-01T18:34:45.307+0000] {subprocess.py:63} INFO - Tmp dir root location: /tmp
[2025-11-01T18:34:45.309+0000] {subprocess.py:75} INFO - Running command: ['/usr/bin/bash', '-c', 'dbt run --project-dir /home/airflow/dbt_projects/access_log_project --profiles-dir /home/airflow/.dbt']
[2025-11-01T18:34:45.325+0000] {subprocess.py:86} INFO - Output:
[2025-11-01T18:34:49.423+0000] {subprocess.py:93} INFO - [0m18:34:49  Running with dbt=1.9.0
[2025-11-01T18:34:50.108+0000] {subprocess.py:93} INFO - [0m18:34:50  Registered adapter: postgres=1.9.0
[2025-11-01T18:34:51.333+0000] {subprocess.py:93} INFO - [0m18:34:51  Found 3 models, 1 source, 434 macros
[2025-11-01T18:34:51.339+0000] {subprocess.py:93} INFO - [0m18:34:51
[2025-11-01T18:34:51.341+0000] {subprocess.py:93} INFO - [0m18:34:51  Concurrency: 1 threads (target='dev')
[2025-11-01T18:34:51.342+0000] {subprocess.py:93} INFO - [0m18:34:51
[2025-11-01T18:34:51.623+0000] {subprocess.py:93} INFO - [0m18:34:51  1 of 3 START sql view model gold.stg_access_logs ............................... [RUN]
[2025-11-01T18:34:51.910+0000] {subprocess.py:93} INFO - [0m18:34:51  1 of 3 OK created sql view model gold.stg_access_logs .......................... [[32mCREATE VIEW[0m in 0.27s]
[2025-11-01T18:34:51.918+0000] {subprocess.py:93} INFO - [0m18:34:51  2 of 3 START sql view model gold.agg_user_activity ............................. [RUN]
[2025-11-01T18:34:52.029+0000] {subprocess.py:93} INFO - [0m18:34:52  2 of 3 OK created sql view model gold.agg_user_activity ........................ [[32mCREATE VIEW[0m in 0.11s]
[2025-11-01T18:34:52.034+0000] {subprocess.py:93} INFO - [0m18:34:52  3 of 3 START sql view model gold.suspicious_activity ........................... [RUN]
[2025-11-01T18:34:52.116+0000] {subprocess.py:93} INFO - [0m18:34:52  3 of 3 OK created sql view model gold.suspicious_activity ...................... [[32mCREATE VIEW[0m in 0.08s]
[2025-11-01T18:34:52.147+0000] {subprocess.py:93} INFO - [0m18:34:52
[2025-11-01T18:34:52.151+0000] {subprocess.py:93} INFO - [0m18:34:52  Finished running 3 view models in 0 hours 0 minutes and 0.80 seconds (0.80s).
[2025-11-01T18:34:52.218+0000] {subprocess.py:93} INFO - [0m18:34:52
[2025-11-01T18:34:52.219+0000] {subprocess.py:93} INFO - [0m18:34:52  [32mCompleted successfully[0m
[2025-11-01T18:34:52.220+0000] {subprocess.py:93} INFO - [0m18:34:52
[2025-11-01T18:34:52.221+0000] {subprocess.py:93} INFO - [0m18:34:52  Done. PASS=3 WARN=0 ERROR=0 SKIP=0 TOTAL=3
[2025-11-01T18:34:55.419+0000] {subprocess.py:97} INFO - Command exited with return code 0
[2025-11-01T18:34:55.421+0000] {taskinstance.py:441} INFO - ::group::Post task execution logs
[2025-11-01T18:34:55.476+0000] {taskinstance.py:1206} INFO - Marking task as SUCCESS. dag_id=access_log_refresh_dag, task_id=run_dbt_models, run_id=manual__2025-11-01T18:29:29.305003+00:00, execution_date=20251101T182929, start_date=20251101T183444, end_date=20251101T183455
[2025-11-01T18:34:55.510+0000] {local_task_job_runner.py:243} INFO - Task exited with return code 0
[2025-11-01T18:34:55.541+0000] {taskinstance.py:3503} INFO - 0 downstream tasks scheduled from follow-on schedule check
[2025-11-01T18:34:55.546+0000] {local_task_job_runner.py:222} INFO - ::endgroup::
