[2025-11-02T15:16:31.612+0000] {local_task_job_runner.py:120} INFO - ::group::Pre task execution logs
[2025-11-02T15:16:31.831+0000] {taskinstance.py:2076} INFO - Dependencies all met for dep_context=non-requeueable deps ti=<TaskInstance: access_log_refresh_dag.run_dbt_models scheduled__2025-11-01T00:00:00+00:00 [queued]>
[2025-11-02T15:16:31.875+0000] {taskinstance.py:2076} INFO - Dependencies all met for dep_context=requeueable deps ti=<TaskInstance: access_log_refresh_dag.run_dbt_models scheduled__2025-11-01T00:00:00+00:00 [queued]>
[2025-11-02T15:16:31.876+0000] {taskinstance.py:2306} INFO - Starting attempt 1 of 2
[2025-11-02T15:16:31.911+0000] {taskinstance.py:2330} INFO - Executing <Task(BashOperator): run_dbt_models> on 2025-11-01 00:00:00+00:00
[2025-11-02T15:16:31.927+0000] {standard_task_runner.py:90} INFO - Running: ['airflow', 'tasks', 'run', 'access_log_refresh_dag', 'run_dbt_models', 'scheduled__2025-11-01T00:00:00+00:00', '--job-id', '4', '--raw', '--subdir', 'DAGS_FOLDER/access_log_refresh_dag.py', '--cfg-path', '/tmp/tmpmwa5nhyu']
[2025-11-02T15:16:31.938+0000] {standard_task_runner.py:91} INFO - Job 4: Subtask run_dbt_models
[2025-11-02T15:16:31.952+0000] {logging_mixin.py:188} WARNING - /home/airflow/.local/lib/python3.12/site-packages/airflow/task/task_runner/standard_task_runner.py:62 DeprecationWarning: This process (pid=328) is multi-threaded, use of fork() may lead to deadlocks in the child.
[2025-11-02T15:16:31.953+0000] {standard_task_runner.py:64} INFO - Started process 329 to run task
[2025-11-02T15:16:32.142+0000] {task_command.py:426} INFO - Running <TaskInstance: access_log_refresh_dag.run_dbt_models scheduled__2025-11-01T00:00:00+00:00 [running]> on host e34b3a823b72
[2025-11-02T15:16:32.476+0000] {taskinstance.py:2648} INFO - Exporting env vars: AIRFLOW_CTX_DAG_OWNER='airflow' AIRFLOW_CTX_DAG_ID='access_log_refresh_dag' AIRFLOW_CTX_TASK_ID='run_dbt_models' AIRFLOW_CTX_EXECUTION_DATE='2025-11-01T00:00:00+00:00' AIRFLOW_CTX_TRY_NUMBER='1' AIRFLOW_CTX_DAG_RUN_ID='scheduled__2025-11-01T00:00:00+00:00'
[2025-11-02T15:16:32.477+0000] {taskinstance.py:430} INFO - ::endgroup::
[2025-11-02T15:16:32.509+0000] {subprocess.py:63} INFO - Tmp dir root location: /tmp
[2025-11-02T15:16:32.511+0000] {subprocess.py:75} INFO - Running command: ['/usr/bin/bash', '-c', 'dbt run --project-dir /home/airflow/dbt_projects/access_log_project --profiles-dir /home/airflow/.dbt']
[2025-11-02T15:16:32.531+0000] {subprocess.py:86} INFO - Output:
[2025-11-02T15:16:40.272+0000] {subprocess.py:93} INFO - [0m15:16:40  Running with dbt=1.9.0
[2025-11-02T15:16:41.345+0000] {subprocess.py:93} INFO - [0m15:16:41  Registered adapter: postgres=1.9.0
[2025-11-02T15:16:42.906+0000] {subprocess.py:93} INFO - [0m15:16:42  Found 3 models, 1 source, 434 macros
[2025-11-02T15:16:42.915+0000] {subprocess.py:93} INFO - [0m15:16:42
[2025-11-02T15:16:42.916+0000] {subprocess.py:93} INFO - [0m15:16:42  Concurrency: 1 threads (target='dev')
[2025-11-02T15:16:42.919+0000] {subprocess.py:93} INFO - [0m15:16:42
[2025-11-02T15:16:43.289+0000] {subprocess.py:93} INFO - [0m15:16:43  1 of 3 START sql view model gold.stg_access_logs ............................... [RUN]
[2025-11-02T15:16:43.527+0000] {subprocess.py:93} INFO - [0m15:16:43  1 of 3 OK created sql view model gold.stg_access_logs .......................... [[32mCREATE VIEW[0m in 0.23s]
[2025-11-02T15:16:43.535+0000] {subprocess.py:93} INFO - [0m15:16:43  2 of 3 START sql view model gold.agg_user_activity ............................. [RUN]
[2025-11-02T15:16:43.628+0000] {subprocess.py:93} INFO - [0m15:16:43  2 of 3 OK created sql view model gold.agg_user_activity ........................ [[32mCREATE VIEW[0m in 0.09s]
[2025-11-02T15:16:43.636+0000] {subprocess.py:93} INFO - [0m15:16:43  3 of 3 START sql view model gold.suspicious_activity ........................... [RUN]
[2025-11-02T15:16:43.738+0000] {subprocess.py:93} INFO - [0m15:16:43  3 of 3 OK created sql view model gold.suspicious_activity ...................... [[32mCREATE VIEW[0m in 0.10s]
[2025-11-02T15:16:43.775+0000] {subprocess.py:93} INFO - [0m15:16:43
[2025-11-02T15:16:43.776+0000] {subprocess.py:93} INFO - [0m15:16:43  Finished running 3 view models in 0 hours 0 minutes and 0.85 seconds (0.85s).
[2025-11-02T15:16:43.865+0000] {subprocess.py:93} INFO - [0m15:16:43
[2025-11-02T15:16:43.867+0000] {subprocess.py:93} INFO - [0m15:16:43  [32mCompleted successfully[0m
[2025-11-02T15:16:43.869+0000] {subprocess.py:93} INFO - [0m15:16:43
[2025-11-02T15:16:43.870+0000] {subprocess.py:93} INFO - [0m15:16:43  Done. PASS=3 WARN=0 ERROR=0 SKIP=0 TOTAL=3
[2025-11-02T15:16:56.529+0000] {subprocess.py:97} INFO - Command exited with return code 0
[2025-11-02T15:16:56.532+0000] {taskinstance.py:441} INFO - ::group::Post task execution logs
[2025-11-02T15:16:56.620+0000] {taskinstance.py:1206} INFO - Marking task as SUCCESS. dag_id=access_log_refresh_dag, task_id=run_dbt_models, run_id=scheduled__2025-11-01T00:00:00+00:00, execution_date=20251101T000000, start_date=20251102T151631, end_date=20251102T151656
[2025-11-02T15:16:57.267+0000] {local_task_job_runner.py:243} INFO - Task exited with return code 0
[2025-11-02T15:16:57.318+0000] {taskinstance.py:3503} INFO - 0 downstream tasks scheduled from follow-on schedule check
[2025-11-02T15:16:57.323+0000] {local_task_job_runner.py:222} INFO - ::endgroup::
