[2025-11-01T15:58:02.376+0000] {local_task_job_runner.py:120} INFO - ::group::Pre task execution logs
[2025-11-01T15:58:02.535+0000] {taskinstance.py:2076} INFO - Dependencies all met for dep_context=non-requeueable deps ti=<TaskInstance: access_log_refresh_dag.load_access_logs manual__2025-11-01T15:58:01.544787+00:00 [queued]>
[2025-11-01T15:58:02.579+0000] {taskinstance.py:2076} INFO - Dependencies all met for dep_context=requeueable deps ti=<TaskInstance: access_log_refresh_dag.load_access_logs manual__2025-11-01T15:58:01.544787+00:00 [queued]>
[2025-11-01T15:58:02.580+0000] {taskinstance.py:2306} INFO - Starting attempt 1 of 2
[2025-11-01T15:58:02.641+0000] {taskinstance.py:2330} INFO - Executing <Task(PythonOperator): load_access_logs> on 2025-11-01 15:58:01.544787+00:00
[2025-11-01T15:58:02.718+0000] {standard_task_runner.py:90} INFO - Running: ['airflow', 'tasks', 'run', 'access_log_refresh_dag', 'load_access_logs', 'manual__2025-11-01T15:58:01.544787+00:00', '--job-id', '5', '--raw', '--subdir', 'DAGS_FOLDER/access_log_refresh_dag.py', '--cfg-path', '/tmp/tmpt355l69g']
[2025-11-01T15:58:02.743+0000] {standard_task_runner.py:91} INFO - Job 5: Subtask load_access_logs
[2025-11-01T15:58:02.783+0000] {logging_mixin.py:188} WARNING - /home/airflow/.local/lib/python3.12/site-packages/airflow/task/task_runner/standard_task_runner.py:62 DeprecationWarning: This process (pid=411) is multi-threaded, use of fork() may lead to deadlocks in the child.
[2025-11-01T15:58:02.784+0000] {standard_task_runner.py:64} INFO - Started process 412 to run task
[2025-11-01T15:58:03.085+0000] {task_command.py:426} INFO - Running <TaskInstance: access_log_refresh_dag.load_access_logs manual__2025-11-01T15:58:01.544787+00:00 [running]> on host d400d0dd903a
[2025-11-01T15:58:03.488+0000] {taskinstance.py:2648} INFO - Exporting env vars: AIRFLOW_CTX_DAG_OWNER='airflow' AIRFLOW_CTX_DAG_ID='access_log_refresh_dag' AIRFLOW_CTX_TASK_ID='load_access_logs' AIRFLOW_CTX_EXECUTION_DATE='2025-11-01T15:58:01.544787+00:00' AIRFLOW_CTX_TRY_NUMBER='1' AIRFLOW_CTX_DAG_RUN_ID='manual__2025-11-01T15:58:01.544787+00:00'
[2025-11-01T15:58:03.490+0000] {taskinstance.py:430} INFO - ::endgroup::
[2025-11-01T15:58:04.660+0000] {logging_mixin.py:188} INFO - ✅ Table created or exists.
[2025-11-01T15:58:04.661+0000] {logging_mixin.py:188} INFO - ❌ CSV not found at /data/access_logs.csv
[2025-11-01T15:58:04.662+0000] {logging_mixin.py:188} INFO - 🎯 ETL with SQLAlchemy + Docker completed.
[2025-11-01T15:58:04.662+0000] {python.py:237} INFO - Done. Returned value was: None
[2025-11-01T15:58:04.663+0000] {taskinstance.py:441} INFO - ::group::Post task execution logs
[2025-11-01T15:58:04.687+0000] {taskinstance.py:1206} INFO - Marking task as SUCCESS. dag_id=access_log_refresh_dag, task_id=load_access_logs, run_id=manual__2025-11-01T15:58:01.544787+00:00, execution_date=20251101T155801, start_date=20251101T155802, end_date=20251101T155804
[2025-11-01T15:58:04.739+0000] {local_task_job_runner.py:243} INFO - Task exited with return code 0
[2025-11-01T15:58:04.773+0000] {local_task_job_runner.py:222} INFO - ::endgroup::
