[2025-11-05T17:37:42.360+0000] {local_task_job_runner.py:120} INFO - ::group::Pre task execution logs
[2025-11-05T17:37:42.567+0000] {taskinstance.py:2076} INFO - Dependencies all met for dep_context=non-requeueable deps ti=<TaskInstance: access_log_refresh_dag.run_dbt_models scheduled__2025-11-02T00:00:00+00:00 [queued]>
[2025-11-05T17:37:42.651+0000] {taskinstance.py:2076} INFO - Dependencies all met for dep_context=requeueable deps ti=<TaskInstance: access_log_refresh_dag.run_dbt_models scheduled__2025-11-02T00:00:00+00:00 [queued]>
[2025-11-05T17:37:42.652+0000] {taskinstance.py:2306} INFO - Starting attempt 2 of 2
[2025-11-05T17:37:42.740+0000] {taskinstance.py:2330} INFO - Executing <Task(BashOperator): run_dbt_models> on 2025-11-02 00:00:00+00:00
[2025-11-05T17:37:42.776+0000] {standard_task_runner.py:90} INFO - Running: ['airflow', 'tasks', 'run', 'access_log_refresh_dag', 'run_dbt_models', 'scheduled__2025-11-02T00:00:00+00:00', '--job-id', '11', '--raw', '--subdir', 'DAGS_FOLDER/access_log_refresh_dag.py', '--cfg-path', '/tmp/tmpgr1bo_k1']
[2025-11-05T17:37:42.805+0000] {standard_task_runner.py:91} INFO - Job 11: Subtask run_dbt_models
[2025-11-05T17:37:42.809+0000] {logging_mixin.py:188} WARNING - /home/airflow/.local/lib/python3.12/site-packages/airflow/task/task_runner/standard_task_runner.py:62 DeprecationWarning: This process (pid=681) is multi-threaded, use of fork() may lead to deadlocks in the child.
[2025-11-05T17:37:42.811+0000] {standard_task_runner.py:64} INFO - Started process 682 to run task
[2025-11-05T17:37:43.085+0000] {task_command.py:426} INFO - Running <TaskInstance: access_log_refresh_dag.run_dbt_models scheduled__2025-11-02T00:00:00+00:00 [running]> on host e34b3a823b72
[2025-11-05T17:37:43.573+0000] {taskinstance.py:2648} INFO - Exporting env vars: AIRFLOW_CTX_DAG_OWNER='airflow' AIRFLOW_CTX_DAG_ID='access_log_refresh_dag' AIRFLOW_CTX_TASK_ID='run_dbt_models' AIRFLOW_CTX_EXECUTION_DATE='2025-11-02T00:00:00+00:00' AIRFLOW_CTX_TRY_NUMBER='2' AIRFLOW_CTX_DAG_RUN_ID='scheduled__2025-11-02T00:00:00+00:00'
[2025-11-05T17:37:43.575+0000] {taskinstance.py:430} INFO - ::endgroup::
[2025-11-05T17:37:43.622+0000] {subprocess.py:63} INFO - Tmp dir root location: /tmp
[2025-11-05T17:37:43.625+0000] {subprocess.py:75} INFO - Running command: ['/usr/bin/bash', '-c', 'dbt run --project-dir /home/airflow/dbt_projects/access_log_project --profiles-dir /home/airflow/.dbt']
[2025-11-05T17:37:43.658+0000] {subprocess.py:86} INFO - Output:
[2025-11-05T17:37:55.957+0000] {subprocess.py:93} INFO - [0m17:37:55  Running with dbt=1.9.0
[2025-11-05T17:37:57.313+0000] {subprocess.py:93} INFO - [0m17:37:57  Registered adapter: postgres=1.9.0
[2025-11-05T17:37:59.483+0000] {subprocess.py:93} INFO - [0m17:37:59  Found 3 models, 1 source, 434 macros
[2025-11-05T17:37:59.492+0000] {subprocess.py:93} INFO - [0m17:37:59
[2025-11-05T17:37:59.494+0000] {subprocess.py:93} INFO - [0m17:37:59  Concurrency: 1 threads (target='dev')
[2025-11-05T17:37:59.496+0000] {subprocess.py:93} INFO - [0m17:37:59
[2025-11-05T17:37:59.959+0000] {subprocess.py:93} INFO - [0m17:37:59  1 of 3 START sql view model gold.stg_access_logs ............................... [RUN]
[2025-11-05T17:38:00.789+0000] {subprocess.py:93} INFO - [0m17:38:00  1 of 3 OK created sql view model gold.stg_access_logs .......................... [[32mCREATE VIEW[0m in 0.81s]
[2025-11-05T17:38:00.805+0000] {subprocess.py:93} INFO - [0m17:38:00  2 of 3 START sql view model gold.agg_user_activity ............................. [RUN]
[2025-11-05T17:38:01.023+0000] {subprocess.py:93} INFO - [0m17:38:01  2 of 3 OK created sql view model gold.agg_user_activity ........................ [[32mCREATE VIEW[0m in 0.21s]
[2025-11-05T17:38:01.027+0000] {subprocess.py:93} INFO - [0m17:38:01  3 of 3 START sql view model gold.suspicious_activity ........................... [RUN]
[2025-11-05T17:38:01.195+0000] {subprocess.py:93} INFO - [0m17:38:01  3 of 3 OK created sql view model gold.suspicious_activity ...................... [[32mCREATE VIEW[0m in 0.16s]
[2025-11-05T17:38:01.248+0000] {subprocess.py:93} INFO - [0m17:38:01
[2025-11-05T17:38:01.251+0000] {subprocess.py:93} INFO - [0m17:38:01  Finished running 3 view models in 0 hours 0 minutes and 1.75 seconds (1.75s).
[2025-11-05T17:38:01.398+0000] {subprocess.py:93} INFO - [0m17:38:01
[2025-11-05T17:38:01.400+0000] {subprocess.py:93} INFO - [0m17:38:01  [32mCompleted successfully[0m
[2025-11-05T17:38:01.402+0000] {subprocess.py:93} INFO - [0m17:38:01
[2025-11-05T17:38:01.406+0000] {subprocess.py:93} INFO - [0m17:38:01  Done. PASS=3 WARN=0 ERROR=0 SKIP=0 TOTAL=3
[2025-11-05T17:38:09.949+0000] {subprocess.py:97} INFO - Command exited with return code 0
[2025-11-05T17:38:09.951+0000] {taskinstance.py:441} INFO - ::group::Post task execution logs
[2025-11-05T17:38:10.038+0000] {taskinstance.py:1206} INFO - Marking task as SUCCESS. dag_id=access_log_refresh_dag, task_id=run_dbt_models, run_id=scheduled__2025-11-02T00:00:00+00:00, execution_date=20251102T000000, start_date=20251105T173742, end_date=20251105T173810
[2025-11-05T17:38:10.081+0000] {local_task_job_runner.py:243} INFO - Task exited with return code 0
[2025-11-05T17:38:10.117+0000] {taskinstance.py:3503} INFO - 0 downstream tasks scheduled from follow-on schedule check
[2025-11-05T17:38:10.120+0000] {local_task_job_runner.py:222} INFO - ::endgroup::
