[2025-11-05T17:31:19.954+0000] {processor.py:161} INFO - Started process (PID=588) to work on /opt/airflow/dags/access_log_refresh_dag.py
[2025-11-05T17:31:19.956+0000] {processor.py:830} INFO - Processing file /opt/airflow/dags/access_log_refresh_dag.py for tasks to queue
[2025-11-05T17:31:19.974+0000] {logging_mixin.py:188} INFO - [2025-11-05T17:31:19.972+0000] {dagbag.py:545} INFO - Filling up the DagBag from /opt/airflow/dags/access_log_refresh_dag.py
[2025-11-05T17:31:20.234+0000] {processor.py:840} INFO - DAG(s) 'access_log_refresh_dag' retrieved from /opt/airflow/dags/access_log_refresh_dag.py
[2025-11-05T17:31:22.646+0000] {logging_mixin.py:188} INFO - [2025-11-05T17:31:22.645+0000] {dag.py:3089} INFO - Sync 1 DAGs
[2025-11-05T17:31:23.750+0000] {logging_mixin.py:188} INFO - [2025-11-05T17:31:23.738+0000] {dag.py:3947} INFO - Setting next_dagrun for access_log_refresh_dag to 2025-11-04 00:00:00+00:00, run_after=2025-11-05 00:00:00+00:00
[2025-11-05T17:31:24.424+0000] {processor.py:183} INFO - Processing /opt/airflow/dags/access_log_refresh_dag.py took 2.654 seconds
[2025-11-05T17:31:55.623+0000] {processor.py:161} INFO - Started process (PID=601) to work on /opt/airflow/dags/access_log_refresh_dag.py
[2025-11-05T17:31:55.636+0000] {processor.py:830} INFO - Processing file /opt/airflow/dags/access_log_refresh_dag.py for tasks to queue
[2025-11-05T17:31:55.657+0000] {logging_mixin.py:188} INFO - [2025-11-05T17:31:55.654+0000] {dagbag.py:545} INFO - Filling up the DagBag from /opt/airflow/dags/access_log_refresh_dag.py
[2025-11-05T17:31:55.890+0000] {processor.py:840} INFO - DAG(s) 'access_log_refresh_dag' retrieved from /opt/airflow/dags/access_log_refresh_dag.py
[2025-11-05T17:31:56.403+0000] {logging_mixin.py:188} INFO - [2025-11-05T17:31:56.402+0000] {dag.py:3089} INFO - Sync 1 DAGs
[2025-11-05T17:31:56.804+0000] {logging_mixin.py:188} INFO - [2025-11-05T17:31:56.804+0000] {dag.py:3947} INFO - Setting next_dagrun for access_log_refresh_dag to 2025-11-05 00:00:00+00:00, run_after=2025-11-06 00:00:00+00:00
[2025-11-05T17:31:57.060+0000] {processor.py:183} INFO - Processing /opt/airflow/dags/access_log_refresh_dag.py took 1.518 seconds
[2025-11-05T17:32:28.407+0000] {processor.py:161} INFO - Started process (PID=614) to work on /opt/airflow/dags/access_log_refresh_dag.py
[2025-11-05T17:32:28.418+0000] {processor.py:830} INFO - Processing file /opt/airflow/dags/access_log_refresh_dag.py for tasks to queue
[2025-11-05T17:32:28.438+0000] {logging_mixin.py:188} INFO - [2025-11-05T17:32:28.436+0000] {dagbag.py:545} INFO - Filling up the DagBag from /opt/airflow/dags/access_log_refresh_dag.py
[2025-11-05T17:32:28.576+0000] {processor.py:840} INFO - DAG(s) 'access_log_refresh_dag' retrieved from /opt/airflow/dags/access_log_refresh_dag.py
[2025-11-05T17:32:28.935+0000] {logging_mixin.py:188} INFO - [2025-11-05T17:32:28.930+0000] {dag.py:3089} INFO - Sync 1 DAGs
[2025-11-05T17:32:29.258+0000] {logging_mixin.py:188} INFO - [2025-11-05T17:32:29.257+0000] {dag.py:3947} INFO - Setting next_dagrun for access_log_refresh_dag to 2025-11-05 00:00:00+00:00, run_after=2025-11-06 00:00:00+00:00
[2025-11-05T17:32:29.423+0000] {processor.py:183} INFO - Processing /opt/airflow/dags/access_log_refresh_dag.py took 1.100 seconds
[2025-11-05T17:32:59.706+0000] {processor.py:161} INFO - Started process (PID=631) to work on /opt/airflow/dags/access_log_refresh_dag.py
[2025-11-05T17:32:59.724+0000] {processor.py:830} INFO - Processing file /opt/airflow/dags/access_log_refresh_dag.py for tasks to queue
[2025-11-05T17:32:59.748+0000] {logging_mixin.py:188} INFO - [2025-11-05T17:32:59.747+0000] {dagbag.py:545} INFO - Filling up the DagBag from /opt/airflow/dags/access_log_refresh_dag.py
[2025-11-05T17:32:59.842+0000] {processor.py:840} INFO - DAG(s) 'access_log_refresh_dag' retrieved from /opt/airflow/dags/access_log_refresh_dag.py
[2025-11-05T17:33:00.072+0000] {logging_mixin.py:188} INFO - [2025-11-05T17:33:00.064+0000] {dag.py:3089} INFO - Sync 1 DAGs
[2025-11-05T17:33:00.186+0000] {logging_mixin.py:188} INFO - [2025-11-05T17:33:00.185+0000] {dag.py:3947} INFO - Setting next_dagrun for access_log_refresh_dag to 2025-11-05 00:00:00+00:00, run_after=2025-11-06 00:00:00+00:00
[2025-11-05T17:33:00.316+0000] {processor.py:183} INFO - Processing /opt/airflow/dags/access_log_refresh_dag.py took 0.668 seconds
[2025-11-05T17:33:30.598+0000] {processor.py:161} INFO - Started process (PID=636) to work on /opt/airflow/dags/access_log_refresh_dag.py
[2025-11-05T17:33:30.602+0000] {processor.py:830} INFO - Processing file /opt/airflow/dags/access_log_refresh_dag.py for tasks to queue
[2025-11-05T17:33:30.606+0000] {logging_mixin.py:188} INFO - [2025-11-05T17:33:30.606+0000] {dagbag.py:545} INFO - Filling up the DagBag from /opt/airflow/dags/access_log_refresh_dag.py
[2025-11-05T17:33:30.632+0000] {processor.py:840} INFO - DAG(s) 'access_log_refresh_dag' retrieved from /opt/airflow/dags/access_log_refresh_dag.py
[2025-11-05T17:33:30.710+0000] {logging_mixin.py:188} INFO - [2025-11-05T17:33:30.710+0000] {dag.py:3089} INFO - Sync 1 DAGs
[2025-11-05T17:33:30.767+0000] {logging_mixin.py:188} INFO - [2025-11-05T17:33:30.766+0000] {dag.py:3947} INFO - Setting next_dagrun for access_log_refresh_dag to 2025-11-05 00:00:00+00:00, run_after=2025-11-06 00:00:00+00:00
[2025-11-05T17:33:30.809+0000] {processor.py:183} INFO - Processing /opt/airflow/dags/access_log_refresh_dag.py took 0.224 seconds
[2025-11-05T17:34:01.043+0000] {processor.py:161} INFO - Started process (PID=641) to work on /opt/airflow/dags/access_log_refresh_dag.py
[2025-11-05T17:34:01.048+0000] {processor.py:830} INFO - Processing file /opt/airflow/dags/access_log_refresh_dag.py for tasks to queue
[2025-11-05T17:34:01.054+0000] {logging_mixin.py:188} INFO - [2025-11-05T17:34:01.053+0000] {dagbag.py:545} INFO - Filling up the DagBag from /opt/airflow/dags/access_log_refresh_dag.py
[2025-11-05T17:34:01.082+0000] {processor.py:840} INFO - DAG(s) 'access_log_refresh_dag' retrieved from /opt/airflow/dags/access_log_refresh_dag.py
[2025-11-05T17:34:01.167+0000] {logging_mixin.py:188} INFO - [2025-11-05T17:34:01.166+0000] {dag.py:3089} INFO - Sync 1 DAGs
[2025-11-05T17:34:01.230+0000] {logging_mixin.py:188} INFO - [2025-11-05T17:34:01.229+0000] {dag.py:3947} INFO - Setting next_dagrun for access_log_refresh_dag to 2025-11-05 00:00:00+00:00, run_after=2025-11-06 00:00:00+00:00
[2025-11-05T17:34:01.277+0000] {processor.py:183} INFO - Processing /opt/airflow/dags/access_log_refresh_dag.py took 0.247 seconds
[2025-11-05T17:34:31.493+0000] {processor.py:161} INFO - Started process (PID=646) to work on /opt/airflow/dags/access_log_refresh_dag.py
[2025-11-05T17:34:31.498+0000] {processor.py:830} INFO - Processing file /opt/airflow/dags/access_log_refresh_dag.py for tasks to queue
[2025-11-05T17:34:31.503+0000] {logging_mixin.py:188} INFO - [2025-11-05T17:34:31.503+0000] {dagbag.py:545} INFO - Filling up the DagBag from /opt/airflow/dags/access_log_refresh_dag.py
[2025-11-05T17:34:31.533+0000] {processor.py:840} INFO - DAG(s) 'access_log_refresh_dag' retrieved from /opt/airflow/dags/access_log_refresh_dag.py
[2025-11-05T17:34:31.606+0000] {logging_mixin.py:188} INFO - [2025-11-05T17:34:31.606+0000] {dag.py:3089} INFO - Sync 1 DAGs
[2025-11-05T17:34:31.655+0000] {logging_mixin.py:188} INFO - [2025-11-05T17:34:31.654+0000] {dag.py:3947} INFO - Setting next_dagrun for access_log_refresh_dag to 2025-11-05 00:00:00+00:00, run_after=2025-11-06 00:00:00+00:00
[2025-11-05T17:34:31.705+0000] {processor.py:183} INFO - Processing /opt/airflow/dags/access_log_refresh_dag.py took 0.226 seconds
[2025-11-05T17:35:01.928+0000] {processor.py:161} INFO - Started process (PID=651) to work on /opt/airflow/dags/access_log_refresh_dag.py
[2025-11-05T17:35:01.933+0000] {processor.py:830} INFO - Processing file /opt/airflow/dags/access_log_refresh_dag.py for tasks to queue
[2025-11-05T17:35:01.936+0000] {logging_mixin.py:188} INFO - [2025-11-05T17:35:01.936+0000] {dagbag.py:545} INFO - Filling up the DagBag from /opt/airflow/dags/access_log_refresh_dag.py
[2025-11-05T17:35:01.961+0000] {processor.py:840} INFO - DAG(s) 'access_log_refresh_dag' retrieved from /opt/airflow/dags/access_log_refresh_dag.py
[2025-11-05T17:35:02.051+0000] {logging_mixin.py:188} INFO - [2025-11-05T17:35:02.051+0000] {dag.py:3089} INFO - Sync 1 DAGs
[2025-11-05T17:35:02.113+0000] {logging_mixin.py:188} INFO - [2025-11-05T17:35:02.113+0000] {dag.py:3947} INFO - Setting next_dagrun for access_log_refresh_dag to 2025-11-05 00:00:00+00:00, run_after=2025-11-06 00:00:00+00:00
[2025-11-05T17:35:02.151+0000] {processor.py:183} INFO - Processing /opt/airflow/dags/access_log_refresh_dag.py took 0.237 seconds
[2025-11-05T17:35:32.392+0000] {processor.py:161} INFO - Started process (PID=656) to work on /opt/airflow/dags/access_log_refresh_dag.py
[2025-11-05T17:35:32.394+0000] {processor.py:830} INFO - Processing file /opt/airflow/dags/access_log_refresh_dag.py for tasks to queue
[2025-11-05T17:35:32.398+0000] {logging_mixin.py:188} INFO - [2025-11-05T17:35:32.397+0000] {dagbag.py:545} INFO - Filling up the DagBag from /opt/airflow/dags/access_log_refresh_dag.py
[2025-11-05T17:35:32.424+0000] {processor.py:840} INFO - DAG(s) 'access_log_refresh_dag' retrieved from /opt/airflow/dags/access_log_refresh_dag.py
[2025-11-05T17:35:32.497+0000] {logging_mixin.py:188} INFO - [2025-11-05T17:35:32.496+0000] {dag.py:3089} INFO - Sync 1 DAGs
[2025-11-05T17:35:32.547+0000] {logging_mixin.py:188} INFO - [2025-11-05T17:35:32.547+0000] {dag.py:3947} INFO - Setting next_dagrun for access_log_refresh_dag to 2025-11-05 00:00:00+00:00, run_after=2025-11-06 00:00:00+00:00
[2025-11-05T17:35:32.590+0000] {processor.py:183} INFO - Processing /opt/airflow/dags/access_log_refresh_dag.py took 0.215 seconds
[2025-11-05T17:36:02.775+0000] {processor.py:161} INFO - Started process (PID=661) to work on /opt/airflow/dags/access_log_refresh_dag.py
[2025-11-05T17:36:02.779+0000] {processor.py:830} INFO - Processing file /opt/airflow/dags/access_log_refresh_dag.py for tasks to queue
[2025-11-05T17:36:02.785+0000] {logging_mixin.py:188} INFO - [2025-11-05T17:36:02.784+0000] {dagbag.py:545} INFO - Filling up the DagBag from /opt/airflow/dags/access_log_refresh_dag.py
[2025-11-05T17:36:02.850+0000] {processor.py:840} INFO - DAG(s) 'access_log_refresh_dag' retrieved from /opt/airflow/dags/access_log_refresh_dag.py
[2025-11-05T17:36:02.989+0000] {logging_mixin.py:188} INFO - [2025-11-05T17:36:02.989+0000] {dag.py:3089} INFO - Sync 1 DAGs
[2025-11-05T17:36:03.116+0000] {logging_mixin.py:188} INFO - [2025-11-05T17:36:03.115+0000] {dag.py:3947} INFO - Setting next_dagrun for access_log_refresh_dag to 2025-11-05 00:00:00+00:00, run_after=2025-11-06 00:00:00+00:00
[2025-11-05T17:36:03.204+0000] {processor.py:183} INFO - Processing /opt/airflow/dags/access_log_refresh_dag.py took 0.454 seconds
[2025-11-05T17:36:33.531+0000] {processor.py:161} INFO - Started process (PID=666) to work on /opt/airflow/dags/access_log_refresh_dag.py
[2025-11-05T17:36:33.535+0000] {processor.py:830} INFO - Processing file /opt/airflow/dags/access_log_refresh_dag.py for tasks to queue
[2025-11-05T17:36:33.541+0000] {logging_mixin.py:188} INFO - [2025-11-05T17:36:33.540+0000] {dagbag.py:545} INFO - Filling up the DagBag from /opt/airflow/dags/access_log_refresh_dag.py
[2025-11-05T17:36:33.582+0000] {processor.py:840} INFO - DAG(s) 'access_log_refresh_dag' retrieved from /opt/airflow/dags/access_log_refresh_dag.py
[2025-11-05T17:36:33.695+0000] {logging_mixin.py:188} INFO - [2025-11-05T17:36:33.694+0000] {dag.py:3089} INFO - Sync 1 DAGs
[2025-11-05T17:36:33.788+0000] {logging_mixin.py:188} INFO - [2025-11-05T17:36:33.787+0000] {dag.py:3947} INFO - Setting next_dagrun for access_log_refresh_dag to 2025-11-05 00:00:00+00:00, run_after=2025-11-06 00:00:00+00:00
[2025-11-05T17:36:33.848+0000] {processor.py:183} INFO - Processing /opt/airflow/dags/access_log_refresh_dag.py took 0.342 seconds
[2025-11-05T17:37:04.163+0000] {processor.py:161} INFO - Started process (PID=671) to work on /opt/airflow/dags/access_log_refresh_dag.py
[2025-11-05T17:37:04.168+0000] {processor.py:830} INFO - Processing file /opt/airflow/dags/access_log_refresh_dag.py for tasks to queue
[2025-11-05T17:37:04.183+0000] {logging_mixin.py:188} INFO - [2025-11-05T17:37:04.182+0000] {dagbag.py:545} INFO - Filling up the DagBag from /opt/airflow/dags/access_log_refresh_dag.py
[2025-11-05T17:37:04.230+0000] {processor.py:840} INFO - DAG(s) 'access_log_refresh_dag' retrieved from /opt/airflow/dags/access_log_refresh_dag.py
[2025-11-05T17:37:04.350+0000] {logging_mixin.py:188} INFO - [2025-11-05T17:37:04.349+0000] {dag.py:3089} INFO - Sync 1 DAGs
[2025-11-05T17:37:04.480+0000] {logging_mixin.py:188} INFO - [2025-11-05T17:37:04.479+0000] {dag.py:3947} INFO - Setting next_dagrun for access_log_refresh_dag to 2025-11-05 00:00:00+00:00, run_after=2025-11-06 00:00:00+00:00
[2025-11-05T17:37:04.569+0000] {processor.py:183} INFO - Processing /opt/airflow/dags/access_log_refresh_dag.py took 0.439 seconds
[2025-11-05T17:37:34.942+0000] {processor.py:161} INFO - Started process (PID=676) to work on /opt/airflow/dags/access_log_refresh_dag.py
[2025-11-05T17:37:34.945+0000] {processor.py:830} INFO - Processing file /opt/airflow/dags/access_log_refresh_dag.py for tasks to queue
[2025-11-05T17:37:34.953+0000] {logging_mixin.py:188} INFO - [2025-11-05T17:37:34.952+0000] {dagbag.py:545} INFO - Filling up the DagBag from /opt/airflow/dags/access_log_refresh_dag.py
[2025-11-05T17:37:35.022+0000] {processor.py:840} INFO - DAG(s) 'access_log_refresh_dag' retrieved from /opt/airflow/dags/access_log_refresh_dag.py
[2025-11-05T17:37:35.221+0000] {logging_mixin.py:188} INFO - [2025-11-05T17:37:35.221+0000] {dag.py:3089} INFO - Sync 1 DAGs
[2025-11-05T17:37:35.341+0000] {logging_mixin.py:188} INFO - [2025-11-05T17:37:35.340+0000] {dag.py:3947} INFO - Setting next_dagrun for access_log_refresh_dag to 2025-11-05 00:00:00+00:00, run_after=2025-11-06 00:00:00+00:00
[2025-11-05T17:37:35.416+0000] {processor.py:183} INFO - Processing /opt/airflow/dags/access_log_refresh_dag.py took 0.511 seconds
[2025-11-05T17:38:05.690+0000] {processor.py:161} INFO - Started process (PID=692) to work on /opt/airflow/dags/access_log_refresh_dag.py
[2025-11-05T17:38:05.693+0000] {processor.py:830} INFO - Processing file /opt/airflow/dags/access_log_refresh_dag.py for tasks to queue
[2025-11-05T17:38:05.701+0000] {logging_mixin.py:188} INFO - [2025-11-05T17:38:05.700+0000] {dagbag.py:545} INFO - Filling up the DagBag from /opt/airflow/dags/access_log_refresh_dag.py
[2025-11-05T17:38:05.735+0000] {processor.py:840} INFO - DAG(s) 'access_log_refresh_dag' retrieved from /opt/airflow/dags/access_log_refresh_dag.py
[2025-11-05T17:38:05.852+0000] {logging_mixin.py:188} INFO - [2025-11-05T17:38:05.851+0000] {dag.py:3089} INFO - Sync 1 DAGs
[2025-11-05T17:38:05.950+0000] {logging_mixin.py:188} INFO - [2025-11-05T17:38:05.949+0000] {dag.py:3947} INFO - Setting next_dagrun for access_log_refresh_dag to 2025-11-05 00:00:00+00:00, run_after=2025-11-06 00:00:00+00:00
[2025-11-05T17:38:06.000+0000] {processor.py:183} INFO - Processing /opt/airflow/dags/access_log_refresh_dag.py took 0.369 seconds
[2025-11-05T17:38:36.222+0000] {processor.py:161} INFO - Started process (PID=697) to work on /opt/airflow/dags/access_log_refresh_dag.py
[2025-11-05T17:38:36.229+0000] {processor.py:830} INFO - Processing file /opt/airflow/dags/access_log_refresh_dag.py for tasks to queue
[2025-11-05T17:38:36.233+0000] {logging_mixin.py:188} INFO - [2025-11-05T17:38:36.233+0000] {dagbag.py:545} INFO - Filling up the DagBag from /opt/airflow/dags/access_log_refresh_dag.py
[2025-11-05T17:38:36.265+0000] {processor.py:840} INFO - DAG(s) 'access_log_refresh_dag' retrieved from /opt/airflow/dags/access_log_refresh_dag.py
[2025-11-05T17:38:36.345+0000] {logging_mixin.py:188} INFO - [2025-11-05T17:38:36.344+0000] {dag.py:3089} INFO - Sync 1 DAGs
[2025-11-05T17:38:36.397+0000] {logging_mixin.py:188} INFO - [2025-11-05T17:38:36.396+0000] {dag.py:3947} INFO - Setting next_dagrun for access_log_refresh_dag to 2025-11-05 00:00:00+00:00, run_after=2025-11-06 00:00:00+00:00
[2025-11-05T17:38:36.445+0000] {processor.py:183} INFO - Processing /opt/airflow/dags/access_log_refresh_dag.py took 0.237 seconds
[2025-11-05T17:39:06.659+0000] {processor.py:161} INFO - Started process (PID=702) to work on /opt/airflow/dags/access_log_refresh_dag.py
[2025-11-05T17:39:06.668+0000] {processor.py:830} INFO - Processing file /opt/airflow/dags/access_log_refresh_dag.py for tasks to queue
[2025-11-05T17:39:06.673+0000] {logging_mixin.py:188} INFO - [2025-11-05T17:39:06.672+0000] {dagbag.py:545} INFO - Filling up the DagBag from /opt/airflow/dags/access_log_refresh_dag.py
[2025-11-05T17:39:06.703+0000] {processor.py:840} INFO - DAG(s) 'access_log_refresh_dag' retrieved from /opt/airflow/dags/access_log_refresh_dag.py
[2025-11-05T17:39:06.792+0000] {logging_mixin.py:188} INFO - [2025-11-05T17:39:06.791+0000] {dag.py:3089} INFO - Sync 1 DAGs
[2025-11-05T17:39:06.870+0000] {logging_mixin.py:188} INFO - [2025-11-05T17:39:06.870+0000] {dag.py:3947} INFO - Setting next_dagrun for access_log_refresh_dag to 2025-11-05 00:00:00+00:00, run_after=2025-11-06 00:00:00+00:00
[2025-11-05T17:39:06.908+0000] {processor.py:183} INFO - Processing /opt/airflow/dags/access_log_refresh_dag.py took 0.262 seconds
[2025-11-05T17:39:37.134+0000] {processor.py:161} INFO - Started process (PID=707) to work on /opt/airflow/dags/access_log_refresh_dag.py
[2025-11-05T17:39:37.136+0000] {processor.py:830} INFO - Processing file /opt/airflow/dags/access_log_refresh_dag.py for tasks to queue
[2025-11-05T17:39:37.140+0000] {logging_mixin.py:188} INFO - [2025-11-05T17:39:37.139+0000] {dagbag.py:545} INFO - Filling up the DagBag from /opt/airflow/dags/access_log_refresh_dag.py
[2025-11-05T17:39:37.165+0000] {processor.py:840} INFO - DAG(s) 'access_log_refresh_dag' retrieved from /opt/airflow/dags/access_log_refresh_dag.py
[2025-11-05T17:39:37.249+0000] {logging_mixin.py:188} INFO - [2025-11-05T17:39:37.248+0000] {dag.py:3089} INFO - Sync 1 DAGs
[2025-11-05T17:39:37.303+0000] {logging_mixin.py:188} INFO - [2025-11-05T17:39:37.302+0000] {dag.py:3947} INFO - Setting next_dagrun for access_log_refresh_dag to 2025-11-05 00:00:00+00:00, run_after=2025-11-06 00:00:00+00:00
[2025-11-05T17:39:37.343+0000] {processor.py:183} INFO - Processing /opt/airflow/dags/access_log_refresh_dag.py took 0.225 seconds
[2025-11-05T17:40:07.581+0000] {processor.py:161} INFO - Started process (PID=712) to work on /opt/airflow/dags/access_log_refresh_dag.py
[2025-11-05T17:40:07.583+0000] {processor.py:830} INFO - Processing file /opt/airflow/dags/access_log_refresh_dag.py for tasks to queue
[2025-11-05T17:40:07.587+0000] {logging_mixin.py:188} INFO - [2025-11-05T17:40:07.586+0000] {dagbag.py:545} INFO - Filling up the DagBag from /opt/airflow/dags/access_log_refresh_dag.py
[2025-11-05T17:40:07.611+0000] {processor.py:840} INFO - DAG(s) 'access_log_refresh_dag' retrieved from /opt/airflow/dags/access_log_refresh_dag.py
[2025-11-05T17:40:07.689+0000] {logging_mixin.py:188} INFO - [2025-11-05T17:40:07.689+0000] {dag.py:3089} INFO - Sync 1 DAGs
[2025-11-05T17:40:07.737+0000] {logging_mixin.py:188} INFO - [2025-11-05T17:40:07.736+0000] {dag.py:3947} INFO - Setting next_dagrun for access_log_refresh_dag to 2025-11-05 00:00:00+00:00, run_after=2025-11-06 00:00:00+00:00
[2025-11-05T17:40:07.785+0000] {processor.py:183} INFO - Processing /opt/airflow/dags/access_log_refresh_dag.py took 0.217 seconds
[2025-11-05T17:40:38.019+0000] {processor.py:161} INFO - Started process (PID=717) to work on /opt/airflow/dags/access_log_refresh_dag.py
[2025-11-05T17:40:38.023+0000] {processor.py:830} INFO - Processing file /opt/airflow/dags/access_log_refresh_dag.py for tasks to queue
[2025-11-05T17:40:38.027+0000] {logging_mixin.py:188} INFO - [2025-11-05T17:40:38.026+0000] {dagbag.py:545} INFO - Filling up the DagBag from /opt/airflow/dags/access_log_refresh_dag.py
[2025-11-05T17:40:38.052+0000] {processor.py:840} INFO - DAG(s) 'access_log_refresh_dag' retrieved from /opt/airflow/dags/access_log_refresh_dag.py
[2025-11-05T17:40:38.125+0000] {logging_mixin.py:188} INFO - [2025-11-05T17:40:38.124+0000] {dag.py:3089} INFO - Sync 1 DAGs
[2025-11-05T17:40:38.183+0000] {logging_mixin.py:188} INFO - [2025-11-05T17:40:38.182+0000] {dag.py:3947} INFO - Setting next_dagrun for access_log_refresh_dag to 2025-11-05 00:00:00+00:00, run_after=2025-11-06 00:00:00+00:00
[2025-11-05T17:40:38.232+0000] {processor.py:183} INFO - Processing /opt/airflow/dags/access_log_refresh_dag.py took 0.231 seconds
[2025-11-05T17:41:08.460+0000] {processor.py:161} INFO - Started process (PID=722) to work on /opt/airflow/dags/access_log_refresh_dag.py
[2025-11-05T17:41:08.462+0000] {processor.py:830} INFO - Processing file /opt/airflow/dags/access_log_refresh_dag.py for tasks to queue
[2025-11-05T17:41:08.466+0000] {logging_mixin.py:188} INFO - [2025-11-05T17:41:08.466+0000] {dagbag.py:545} INFO - Filling up the DagBag from /opt/airflow/dags/access_log_refresh_dag.py
[2025-11-05T17:41:08.496+0000] {processor.py:840} INFO - DAG(s) 'access_log_refresh_dag' retrieved from /opt/airflow/dags/access_log_refresh_dag.py
[2025-11-05T17:41:08.582+0000] {logging_mixin.py:188} INFO - [2025-11-05T17:41:08.582+0000] {dag.py:3089} INFO - Sync 1 DAGs
[2025-11-05T17:41:08.648+0000] {logging_mixin.py:188} INFO - [2025-11-05T17:41:08.647+0000] {dag.py:3947} INFO - Setting next_dagrun for access_log_refresh_dag to 2025-11-05 00:00:00+00:00, run_after=2025-11-06 00:00:00+00:00
[2025-11-05T17:41:08.707+0000] {processor.py:183} INFO - Processing /opt/airflow/dags/access_log_refresh_dag.py took 0.265 seconds
[2025-11-05T17:41:38.971+0000] {processor.py:161} INFO - Started process (PID=727) to work on /opt/airflow/dags/access_log_refresh_dag.py
[2025-11-05T17:41:38.975+0000] {processor.py:830} INFO - Processing file /opt/airflow/dags/access_log_refresh_dag.py for tasks to queue
[2025-11-05T17:41:38.979+0000] {logging_mixin.py:188} INFO - [2025-11-05T17:41:38.978+0000] {dagbag.py:545} INFO - Filling up the DagBag from /opt/airflow/dags/access_log_refresh_dag.py
[2025-11-05T17:41:39.010+0000] {processor.py:840} INFO - DAG(s) 'access_log_refresh_dag' retrieved from /opt/airflow/dags/access_log_refresh_dag.py
[2025-11-05T17:41:39.101+0000] {logging_mixin.py:188} INFO - [2025-11-05T17:41:39.100+0000] {dag.py:3089} INFO - Sync 1 DAGs
[2025-11-05T17:41:39.203+0000] {logging_mixin.py:188} INFO - [2025-11-05T17:41:39.202+0000] {dag.py:3947} INFO - Setting next_dagrun for access_log_refresh_dag to 2025-11-05 00:00:00+00:00, run_after=2025-11-06 00:00:00+00:00
[2025-11-05T17:41:39.266+0000] {processor.py:183} INFO - Processing /opt/airflow/dags/access_log_refresh_dag.py took 0.319 seconds
[2025-11-05T17:42:09.490+0000] {processor.py:161} INFO - Started process (PID=732) to work on /opt/airflow/dags/access_log_refresh_dag.py
[2025-11-05T17:42:09.493+0000] {processor.py:830} INFO - Processing file /opt/airflow/dags/access_log_refresh_dag.py for tasks to queue
[2025-11-05T17:42:09.498+0000] {logging_mixin.py:188} INFO - [2025-11-05T17:42:09.497+0000] {dagbag.py:545} INFO - Filling up the DagBag from /opt/airflow/dags/access_log_refresh_dag.py
[2025-11-05T17:42:09.535+0000] {processor.py:840} INFO - DAG(s) 'access_log_refresh_dag' retrieved from /opt/airflow/dags/access_log_refresh_dag.py
[2025-11-05T17:42:09.620+0000] {logging_mixin.py:188} INFO - [2025-11-05T17:42:09.620+0000] {dag.py:3089} INFO - Sync 1 DAGs
[2025-11-05T17:42:09.678+0000] {logging_mixin.py:188} INFO - [2025-11-05T17:42:09.678+0000] {dag.py:3947} INFO - Setting next_dagrun for access_log_refresh_dag to 2025-11-05 00:00:00+00:00, run_after=2025-11-06 00:00:00+00:00
[2025-11-05T17:42:09.718+0000] {processor.py:183} INFO - Processing /opt/airflow/dags/access_log_refresh_dag.py took 0.240 seconds
[2025-11-05T17:42:39.946+0000] {processor.py:161} INFO - Started process (PID=737) to work on /opt/airflow/dags/access_log_refresh_dag.py
[2025-11-05T17:42:39.951+0000] {processor.py:830} INFO - Processing file /opt/airflow/dags/access_log_refresh_dag.py for tasks to queue
[2025-11-05T17:42:39.955+0000] {logging_mixin.py:188} INFO - [2025-11-05T17:42:39.954+0000] {dagbag.py:545} INFO - Filling up the DagBag from /opt/airflow/dags/access_log_refresh_dag.py
[2025-11-05T17:42:39.999+0000] {processor.py:840} INFO - DAG(s) 'access_log_refresh_dag' retrieved from /opt/airflow/dags/access_log_refresh_dag.py
[2025-11-05T17:42:40.086+0000] {logging_mixin.py:188} INFO - [2025-11-05T17:42:40.085+0000] {dag.py:3089} INFO - Sync 1 DAGs
[2025-11-05T17:42:40.144+0000] {logging_mixin.py:188} INFO - [2025-11-05T17:42:40.143+0000] {dag.py:3947} INFO - Setting next_dagrun for access_log_refresh_dag to 2025-11-05 00:00:00+00:00, run_after=2025-11-06 00:00:00+00:00
[2025-11-05T17:42:40.190+0000] {processor.py:183} INFO - Processing /opt/airflow/dags/access_log_refresh_dag.py took 0.264 seconds
[2025-11-05T17:43:10.427+0000] {processor.py:161} INFO - Started process (PID=742) to work on /opt/airflow/dags/access_log_refresh_dag.py
[2025-11-05T17:43:10.429+0000] {processor.py:830} INFO - Processing file /opt/airflow/dags/access_log_refresh_dag.py for tasks to queue
[2025-11-05T17:43:10.433+0000] {logging_mixin.py:188} INFO - [2025-11-05T17:43:10.432+0000] {dagbag.py:545} INFO - Filling up the DagBag from /opt/airflow/dags/access_log_refresh_dag.py
[2025-11-05T17:43:10.459+0000] {processor.py:840} INFO - DAG(s) 'access_log_refresh_dag' retrieved from /opt/airflow/dags/access_log_refresh_dag.py
[2025-11-05T17:43:10.548+0000] {logging_mixin.py:188} INFO - [2025-11-05T17:43:10.548+0000] {dag.py:3089} INFO - Sync 1 DAGs
[2025-11-05T17:43:10.609+0000] {logging_mixin.py:188} INFO - [2025-11-05T17:43:10.608+0000] {dag.py:3947} INFO - Setting next_dagrun for access_log_refresh_dag to 2025-11-05 00:00:00+00:00, run_after=2025-11-06 00:00:00+00:00
[2025-11-05T17:43:10.658+0000] {processor.py:183} INFO - Processing /opt/airflow/dags/access_log_refresh_dag.py took 0.249 seconds
[2025-11-05T17:43:40.894+0000] {processor.py:161} INFO - Started process (PID=747) to work on /opt/airflow/dags/access_log_refresh_dag.py
[2025-11-05T17:43:40.898+0000] {processor.py:830} INFO - Processing file /opt/airflow/dags/access_log_refresh_dag.py for tasks to queue
[2025-11-05T17:43:40.902+0000] {logging_mixin.py:188} INFO - [2025-11-05T17:43:40.901+0000] {dagbag.py:545} INFO - Filling up the DagBag from /opt/airflow/dags/access_log_refresh_dag.py
[2025-11-05T17:43:40.930+0000] {processor.py:840} INFO - DAG(s) 'access_log_refresh_dag' retrieved from /opt/airflow/dags/access_log_refresh_dag.py
[2025-11-05T17:43:41.026+0000] {logging_mixin.py:188} INFO - [2025-11-05T17:43:41.026+0000] {dag.py:3089} INFO - Sync 1 DAGs
[2025-11-05T17:43:41.101+0000] {logging_mixin.py:188} INFO - [2025-11-05T17:43:41.101+0000] {dag.py:3947} INFO - Setting next_dagrun for access_log_refresh_dag to 2025-11-05 00:00:00+00:00, run_after=2025-11-06 00:00:00+00:00
[2025-11-05T17:43:41.149+0000] {processor.py:183} INFO - Processing /opt/airflow/dags/access_log_refresh_dag.py took 0.273 seconds
[2025-11-05T17:44:11.397+0000] {processor.py:161} INFO - Started process (PID=752) to work on /opt/airflow/dags/access_log_refresh_dag.py
[2025-11-05T17:44:11.398+0000] {processor.py:830} INFO - Processing file /opt/airflow/dags/access_log_refresh_dag.py for tasks to queue
[2025-11-05T17:44:11.402+0000] {logging_mixin.py:188} INFO - [2025-11-05T17:44:11.402+0000] {dagbag.py:545} INFO - Filling up the DagBag from /opt/airflow/dags/access_log_refresh_dag.py
[2025-11-05T17:44:11.434+0000] {processor.py:840} INFO - DAG(s) 'access_log_refresh_dag' retrieved from /opt/airflow/dags/access_log_refresh_dag.py
[2025-11-05T17:44:11.531+0000] {logging_mixin.py:188} INFO - [2025-11-05T17:44:11.530+0000] {dag.py:3089} INFO - Sync 1 DAGs
[2025-11-05T17:44:11.609+0000] {logging_mixin.py:188} INFO - [2025-11-05T17:44:11.609+0000] {dag.py:3947} INFO - Setting next_dagrun for access_log_refresh_dag to 2025-11-05 00:00:00+00:00, run_after=2025-11-06 00:00:00+00:00
[2025-11-05T17:44:11.655+0000] {processor.py:183} INFO - Processing /opt/airflow/dags/access_log_refresh_dag.py took 0.276 seconds
[2025-11-05T17:44:41.881+0000] {processor.py:161} INFO - Started process (PID=757) to work on /opt/airflow/dags/access_log_refresh_dag.py
[2025-11-05T17:44:41.885+0000] {processor.py:830} INFO - Processing file /opt/airflow/dags/access_log_refresh_dag.py for tasks to queue
[2025-11-05T17:44:41.889+0000] {logging_mixin.py:188} INFO - [2025-11-05T17:44:41.888+0000] {dagbag.py:545} INFO - Filling up the DagBag from /opt/airflow/dags/access_log_refresh_dag.py
[2025-11-05T17:44:41.920+0000] {processor.py:840} INFO - DAG(s) 'access_log_refresh_dag' retrieved from /opt/airflow/dags/access_log_refresh_dag.py
[2025-11-05T17:44:42.012+0000] {logging_mixin.py:188} INFO - [2025-11-05T17:44:42.012+0000] {dag.py:3089} INFO - Sync 1 DAGs
[2025-11-05T17:44:42.076+0000] {logging_mixin.py:188} INFO - [2025-11-05T17:44:42.075+0000] {dag.py:3947} INFO - Setting next_dagrun for access_log_refresh_dag to 2025-11-05 00:00:00+00:00, run_after=2025-11-06 00:00:00+00:00
[2025-11-05T17:44:42.122+0000] {processor.py:183} INFO - Processing /opt/airflow/dags/access_log_refresh_dag.py took 0.256 seconds
[2025-11-05T17:45:12.510+0000] {processor.py:161} INFO - Started process (PID=762) to work on /opt/airflow/dags/access_log_refresh_dag.py
[2025-11-05T17:45:12.513+0000] {processor.py:830} INFO - Processing file /opt/airflow/dags/access_log_refresh_dag.py for tasks to queue
[2025-11-05T17:45:12.518+0000] {logging_mixin.py:188} INFO - [2025-11-05T17:45:12.516+0000] {dagbag.py:545} INFO - Filling up the DagBag from /opt/airflow/dags/access_log_refresh_dag.py
[2025-11-05T17:45:12.553+0000] {processor.py:840} INFO - DAG(s) 'access_log_refresh_dag' retrieved from /opt/airflow/dags/access_log_refresh_dag.py
[2025-11-05T17:45:12.661+0000] {logging_mixin.py:188} INFO - [2025-11-05T17:45:12.661+0000] {dag.py:3089} INFO - Sync 1 DAGs
[2025-11-05T17:45:12.733+0000] {logging_mixin.py:188} INFO - [2025-11-05T17:45:12.732+0000] {dag.py:3947} INFO - Setting next_dagrun for access_log_refresh_dag to 2025-11-05 00:00:00+00:00, run_after=2025-11-06 00:00:00+00:00
[2025-11-05T17:45:12.780+0000] {processor.py:183} INFO - Processing /opt/airflow/dags/access_log_refresh_dag.py took 0.286 seconds
[2025-11-05T17:45:43.009+0000] {processor.py:161} INFO - Started process (PID=767) to work on /opt/airflow/dags/access_log_refresh_dag.py
[2025-11-05T17:45:43.013+0000] {processor.py:830} INFO - Processing file /opt/airflow/dags/access_log_refresh_dag.py for tasks to queue
[2025-11-05T17:45:43.019+0000] {logging_mixin.py:188} INFO - [2025-11-05T17:45:43.018+0000] {dagbag.py:545} INFO - Filling up the DagBag from /opt/airflow/dags/access_log_refresh_dag.py
[2025-11-05T17:45:43.060+0000] {processor.py:840} INFO - DAG(s) 'access_log_refresh_dag' retrieved from /opt/airflow/dags/access_log_refresh_dag.py
[2025-11-05T17:45:43.162+0000] {logging_mixin.py:188} INFO - [2025-11-05T17:45:43.162+0000] {dag.py:3089} INFO - Sync 1 DAGs
[2025-11-05T17:45:43.225+0000] {logging_mixin.py:188} INFO - [2025-11-05T17:45:43.224+0000] {dag.py:3947} INFO - Setting next_dagrun for access_log_refresh_dag to 2025-11-05 00:00:00+00:00, run_after=2025-11-06 00:00:00+00:00
[2025-11-05T17:45:43.272+0000] {processor.py:183} INFO - Processing /opt/airflow/dags/access_log_refresh_dag.py took 0.278 seconds
[2025-11-05T17:46:13.501+0000] {processor.py:161} INFO - Started process (PID=772) to work on /opt/airflow/dags/access_log_refresh_dag.py
[2025-11-05T17:46:13.504+0000] {processor.py:830} INFO - Processing file /opt/airflow/dags/access_log_refresh_dag.py for tasks to queue
[2025-11-05T17:46:13.508+0000] {logging_mixin.py:188} INFO - [2025-11-05T17:46:13.507+0000] {dagbag.py:545} INFO - Filling up the DagBag from /opt/airflow/dags/access_log_refresh_dag.py
[2025-11-05T17:46:13.539+0000] {processor.py:840} INFO - DAG(s) 'access_log_refresh_dag' retrieved from /opt/airflow/dags/access_log_refresh_dag.py
[2025-11-05T17:46:13.981+0000] {logging_mixin.py:188} INFO - [2025-11-05T17:46:13.980+0000] {dag.py:3089} INFO - Sync 1 DAGs
[2025-11-05T17:46:14.050+0000] {logging_mixin.py:188} INFO - [2025-11-05T17:46:14.050+0000] {dag.py:3947} INFO - Setting next_dagrun for access_log_refresh_dag to 2025-11-05 00:00:00+00:00, run_after=2025-11-06 00:00:00+00:00
[2025-11-05T17:46:14.094+0000] {processor.py:183} INFO - Processing /opt/airflow/dags/access_log_refresh_dag.py took 0.612 seconds
[2025-11-05T17:46:44.419+0000] {processor.py:161} INFO - Started process (PID=777) to work on /opt/airflow/dags/access_log_refresh_dag.py
[2025-11-05T17:46:44.426+0000] {processor.py:830} INFO - Processing file /opt/airflow/dags/access_log_refresh_dag.py for tasks to queue
[2025-11-05T17:46:44.435+0000] {logging_mixin.py:188} INFO - [2025-11-05T17:46:44.433+0000] {dagbag.py:545} INFO - Filling up the DagBag from /opt/airflow/dags/access_log_refresh_dag.py
[2025-11-05T17:46:44.532+0000] {processor.py:840} INFO - DAG(s) 'access_log_refresh_dag' retrieved from /opt/airflow/dags/access_log_refresh_dag.py
[2025-11-05T17:46:44.757+0000] {logging_mixin.py:188} INFO - [2025-11-05T17:46:44.757+0000] {dag.py:3089} INFO - Sync 1 DAGs
[2025-11-05T17:46:44.965+0000] {logging_mixin.py:188} INFO - [2025-11-05T17:46:44.964+0000] {dag.py:3947} INFO - Setting next_dagrun for access_log_refresh_dag to 2025-11-05 00:00:00+00:00, run_after=2025-11-06 00:00:00+00:00
[2025-11-05T17:46:45.114+0000] {processor.py:183} INFO - Processing /opt/airflow/dags/access_log_refresh_dag.py took 0.726 seconds
[2025-11-05T17:47:15.393+0000] {processor.py:161} INFO - Started process (PID=782) to work on /opt/airflow/dags/access_log_refresh_dag.py
[2025-11-05T17:47:15.395+0000] {processor.py:830} INFO - Processing file /opt/airflow/dags/access_log_refresh_dag.py for tasks to queue
[2025-11-05T17:47:15.399+0000] {logging_mixin.py:188} INFO - [2025-11-05T17:47:15.398+0000] {dagbag.py:545} INFO - Filling up the DagBag from /opt/airflow/dags/access_log_refresh_dag.py
[2025-11-05T17:47:15.428+0000] {processor.py:840} INFO - DAG(s) 'access_log_refresh_dag' retrieved from /opt/airflow/dags/access_log_refresh_dag.py
[2025-11-05T17:47:15.549+0000] {logging_mixin.py:188} INFO - [2025-11-05T17:47:15.548+0000] {dag.py:3089} INFO - Sync 1 DAGs
[2025-11-05T17:47:15.651+0000] {logging_mixin.py:188} INFO - [2025-11-05T17:47:15.650+0000] {dag.py:3947} INFO - Setting next_dagrun for access_log_refresh_dag to 2025-11-05 00:00:00+00:00, run_after=2025-11-06 00:00:00+00:00
[2025-11-05T17:47:15.698+0000] {processor.py:183} INFO - Processing /opt/airflow/dags/access_log_refresh_dag.py took 0.320 seconds
[2025-11-05T17:47:45.954+0000] {processor.py:161} INFO - Started process (PID=787) to work on /opt/airflow/dags/access_log_refresh_dag.py
[2025-11-05T17:47:45.958+0000] {processor.py:830} INFO - Processing file /opt/airflow/dags/access_log_refresh_dag.py for tasks to queue
[2025-11-05T17:47:45.964+0000] {logging_mixin.py:188} INFO - [2025-11-05T17:47:45.962+0000] {dagbag.py:545} INFO - Filling up the DagBag from /opt/airflow/dags/access_log_refresh_dag.py
[2025-11-05T17:47:46.010+0000] {processor.py:840} INFO - DAG(s) 'access_log_refresh_dag' retrieved from /opt/airflow/dags/access_log_refresh_dag.py
[2025-11-05T17:47:46.131+0000] {logging_mixin.py:188} INFO - [2025-11-05T17:47:46.131+0000] {dag.py:3089} INFO - Sync 1 DAGs
[2025-11-05T17:47:46.234+0000] {logging_mixin.py:188} INFO - [2025-11-05T17:47:46.233+0000] {dag.py:3947} INFO - Setting next_dagrun for access_log_refresh_dag to 2025-11-05 00:00:00+00:00, run_after=2025-11-06 00:00:00+00:00
[2025-11-05T17:47:46.292+0000] {processor.py:183} INFO - Processing /opt/airflow/dags/access_log_refresh_dag.py took 0.363 seconds
[2025-11-05T17:48:16.527+0000] {processor.py:161} INFO - Started process (PID=792) to work on /opt/airflow/dags/access_log_refresh_dag.py
[2025-11-05T17:48:16.529+0000] {processor.py:830} INFO - Processing file /opt/airflow/dags/access_log_refresh_dag.py for tasks to queue
[2025-11-05T17:48:16.533+0000] {logging_mixin.py:188} INFO - [2025-11-05T17:48:16.532+0000] {dagbag.py:545} INFO - Filling up the DagBag from /opt/airflow/dags/access_log_refresh_dag.py
[2025-11-05T17:48:16.558+0000] {processor.py:840} INFO - DAG(s) 'access_log_refresh_dag' retrieved from /opt/airflow/dags/access_log_refresh_dag.py
[2025-11-05T17:48:16.678+0000] {logging_mixin.py:188} INFO - [2025-11-05T17:48:16.678+0000] {dag.py:3089} INFO - Sync 1 DAGs
[2025-11-05T17:48:16.754+0000] {logging_mixin.py:188} INFO - [2025-11-05T17:48:16.752+0000] {dag.py:3947} INFO - Setting next_dagrun for access_log_refresh_dag to 2025-11-05 00:00:00+00:00, run_after=2025-11-06 00:00:00+00:00
[2025-11-05T17:48:16.803+0000] {processor.py:183} INFO - Processing /opt/airflow/dags/access_log_refresh_dag.py took 0.290 seconds
[2025-11-05T17:48:47.197+0000] {processor.py:161} INFO - Started process (PID=797) to work on /opt/airflow/dags/access_log_refresh_dag.py
[2025-11-05T17:48:47.202+0000] {processor.py:830} INFO - Processing file /opt/airflow/dags/access_log_refresh_dag.py for tasks to queue
[2025-11-05T17:48:47.208+0000] {logging_mixin.py:188} INFO - [2025-11-05T17:48:47.206+0000] {dagbag.py:545} INFO - Filling up the DagBag from /opt/airflow/dags/access_log_refresh_dag.py
[2025-11-05T17:48:47.275+0000] {processor.py:840} INFO - DAG(s) 'access_log_refresh_dag' retrieved from /opt/airflow/dags/access_log_refresh_dag.py
[2025-11-05T17:48:47.396+0000] {logging_mixin.py:188} INFO - [2025-11-05T17:48:47.396+0000] {dag.py:3089} INFO - Sync 1 DAGs
[2025-11-05T17:48:47.485+0000] {logging_mixin.py:188} INFO - [2025-11-05T17:48:47.484+0000] {dag.py:3947} INFO - Setting next_dagrun for access_log_refresh_dag to 2025-11-05 00:00:00+00:00, run_after=2025-11-06 00:00:00+00:00
[2025-11-05T17:48:47.552+0000] {processor.py:183} INFO - Processing /opt/airflow/dags/access_log_refresh_dag.py took 0.389 seconds
[2025-11-05T17:49:17.852+0000] {processor.py:161} INFO - Started process (PID=802) to work on /opt/airflow/dags/access_log_refresh_dag.py
[2025-11-05T17:49:17.858+0000] {processor.py:830} INFO - Processing file /opt/airflow/dags/access_log_refresh_dag.py for tasks to queue
[2025-11-05T17:49:17.864+0000] {logging_mixin.py:188} INFO - [2025-11-05T17:49:17.863+0000] {dagbag.py:545} INFO - Filling up the DagBag from /opt/airflow/dags/access_log_refresh_dag.py
[2025-11-05T17:49:17.911+0000] {processor.py:840} INFO - DAG(s) 'access_log_refresh_dag' retrieved from /opt/airflow/dags/access_log_refresh_dag.py
[2025-11-05T17:49:18.050+0000] {logging_mixin.py:188} INFO - [2025-11-05T17:49:18.049+0000] {dag.py:3089} INFO - Sync 1 DAGs
[2025-11-05T17:49:18.119+0000] {logging_mixin.py:188} INFO - [2025-11-05T17:49:18.118+0000] {dag.py:3947} INFO - Setting next_dagrun for access_log_refresh_dag to 2025-11-05 00:00:00+00:00, run_after=2025-11-06 00:00:00+00:00
[2025-11-05T17:49:18.165+0000] {processor.py:183} INFO - Processing /opt/airflow/dags/access_log_refresh_dag.py took 0.348 seconds
[2025-11-05T17:49:48.442+0000] {processor.py:161} INFO - Started process (PID=807) to work on /opt/airflow/dags/access_log_refresh_dag.py
[2025-11-05T17:49:48.448+0000] {processor.py:830} INFO - Processing file /opt/airflow/dags/access_log_refresh_dag.py for tasks to queue
[2025-11-05T17:49:48.452+0000] {logging_mixin.py:188} INFO - [2025-11-05T17:49:48.451+0000] {dagbag.py:545} INFO - Filling up the DagBag from /opt/airflow/dags/access_log_refresh_dag.py
[2025-11-05T17:49:48.480+0000] {processor.py:840} INFO - DAG(s) 'access_log_refresh_dag' retrieved from /opt/airflow/dags/access_log_refresh_dag.py
[2025-11-05T17:49:48.574+0000] {logging_mixin.py:188} INFO - [2025-11-05T17:49:48.573+0000] {dag.py:3089} INFO - Sync 1 DAGs
[2025-11-05T17:49:48.656+0000] {logging_mixin.py:188} INFO - [2025-11-05T17:49:48.655+0000] {dag.py:3947} INFO - Setting next_dagrun for access_log_refresh_dag to 2025-11-05 00:00:00+00:00, run_after=2025-11-06 00:00:00+00:00
[2025-11-05T17:49:48.699+0000] {processor.py:183} INFO - Processing /opt/airflow/dags/access_log_refresh_dag.py took 0.270 seconds
[2025-11-05T17:50:18.918+0000] {processor.py:161} INFO - Started process (PID=812) to work on /opt/airflow/dags/access_log_refresh_dag.py
[2025-11-05T17:50:18.920+0000] {processor.py:830} INFO - Processing file /opt/airflow/dags/access_log_refresh_dag.py for tasks to queue
[2025-11-05T17:50:18.924+0000] {logging_mixin.py:188} INFO - [2025-11-05T17:50:18.923+0000] {dagbag.py:545} INFO - Filling up the DagBag from /opt/airflow/dags/access_log_refresh_dag.py
[2025-11-05T17:50:18.948+0000] {processor.py:840} INFO - DAG(s) 'access_log_refresh_dag' retrieved from /opt/airflow/dags/access_log_refresh_dag.py
[2025-11-05T17:50:19.031+0000] {logging_mixin.py:188} INFO - [2025-11-05T17:50:19.031+0000] {dag.py:3089} INFO - Sync 1 DAGs
[2025-11-05T17:50:19.110+0000] {logging_mixin.py:188} INFO - [2025-11-05T17:50:19.109+0000] {dag.py:3947} INFO - Setting next_dagrun for access_log_refresh_dag to 2025-11-05 00:00:00+00:00, run_after=2025-11-06 00:00:00+00:00
[2025-11-05T17:50:19.157+0000] {processor.py:183} INFO - Processing /opt/airflow/dags/access_log_refresh_dag.py took 0.250 seconds
[2025-11-05T17:50:49.374+0000] {processor.py:161} INFO - Started process (PID=817) to work on /opt/airflow/dags/access_log_refresh_dag.py
[2025-11-05T17:50:49.378+0000] {processor.py:830} INFO - Processing file /opt/airflow/dags/access_log_refresh_dag.py for tasks to queue
[2025-11-05T17:50:49.382+0000] {logging_mixin.py:188} INFO - [2025-11-05T17:50:49.381+0000] {dagbag.py:545} INFO - Filling up the DagBag from /opt/airflow/dags/access_log_refresh_dag.py
[2025-11-05T17:50:49.406+0000] {processor.py:840} INFO - DAG(s) 'access_log_refresh_dag' retrieved from /opt/airflow/dags/access_log_refresh_dag.py
[2025-11-05T17:50:49.489+0000] {logging_mixin.py:188} INFO - [2025-11-05T17:50:49.489+0000] {dag.py:3089} INFO - Sync 1 DAGs
[2025-11-05T17:50:49.558+0000] {logging_mixin.py:188} INFO - [2025-11-05T17:50:49.557+0000] {dag.py:3947} INFO - Setting next_dagrun for access_log_refresh_dag to 2025-11-05 00:00:00+00:00, run_after=2025-11-06 00:00:00+00:00
[2025-11-05T17:50:49.601+0000] {processor.py:183} INFO - Processing /opt/airflow/dags/access_log_refresh_dag.py took 0.239 seconds
[2025-11-05T17:51:19.766+0000] {processor.py:161} INFO - Started process (PID=822) to work on /opt/airflow/dags/access_log_refresh_dag.py
[2025-11-05T17:51:19.768+0000] {processor.py:830} INFO - Processing file /opt/airflow/dags/access_log_refresh_dag.py for tasks to queue
[2025-11-05T17:51:19.782+0000] {logging_mixin.py:188} INFO - [2025-11-05T17:51:19.781+0000] {dagbag.py:545} INFO - Filling up the DagBag from /opt/airflow/dags/access_log_refresh_dag.py
[2025-11-05T17:51:19.844+0000] {processor.py:840} INFO - DAG(s) 'access_log_refresh_dag' retrieved from /opt/airflow/dags/access_log_refresh_dag.py
[2025-11-05T17:51:19.956+0000] {logging_mixin.py:188} INFO - [2025-11-05T17:51:19.956+0000] {dag.py:3089} INFO - Sync 1 DAGs
[2025-11-05T17:51:20.019+0000] {logging_mixin.py:188} INFO - [2025-11-05T17:51:20.019+0000] {dag.py:3947} INFO - Setting next_dagrun for access_log_refresh_dag to 2025-11-05 00:00:00+00:00, run_after=2025-11-06 00:00:00+00:00
[2025-11-05T17:51:20.066+0000] {processor.py:183} INFO - Processing /opt/airflow/dags/access_log_refresh_dag.py took 0.319 seconds
[2025-11-05T17:51:50.312+0000] {processor.py:161} INFO - Started process (PID=827) to work on /opt/airflow/dags/access_log_refresh_dag.py
[2025-11-05T17:51:50.318+0000] {processor.py:830} INFO - Processing file /opt/airflow/dags/access_log_refresh_dag.py for tasks to queue
[2025-11-05T17:51:50.323+0000] {logging_mixin.py:188} INFO - [2025-11-05T17:51:50.322+0000] {dagbag.py:545} INFO - Filling up the DagBag from /opt/airflow/dags/access_log_refresh_dag.py
[2025-11-05T17:51:50.358+0000] {processor.py:840} INFO - DAG(s) 'access_log_refresh_dag' retrieved from /opt/airflow/dags/access_log_refresh_dag.py
[2025-11-05T17:51:50.449+0000] {logging_mixin.py:188} INFO - [2025-11-05T17:51:50.448+0000] {dag.py:3089} INFO - Sync 1 DAGs
[2025-11-05T17:51:50.518+0000] {logging_mixin.py:188} INFO - [2025-11-05T17:51:50.517+0000] {dag.py:3947} INFO - Setting next_dagrun for access_log_refresh_dag to 2025-11-05 00:00:00+00:00, run_after=2025-11-06 00:00:00+00:00
[2025-11-05T17:51:50.565+0000] {processor.py:183} INFO - Processing /opt/airflow/dags/access_log_refresh_dag.py took 0.274 seconds
[2025-11-05T17:52:20.867+0000] {processor.py:161} INFO - Started process (PID=832) to work on /opt/airflow/dags/access_log_refresh_dag.py
[2025-11-05T17:52:20.879+0000] {processor.py:830} INFO - Processing file /opt/airflow/dags/access_log_refresh_dag.py for tasks to queue
[2025-11-05T17:52:20.890+0000] {logging_mixin.py:188} INFO - [2025-11-05T17:52:20.888+0000] {dagbag.py:545} INFO - Filling up the DagBag from /opt/airflow/dags/access_log_refresh_dag.py
[2025-11-05T17:52:20.988+0000] {processor.py:840} INFO - DAG(s) 'access_log_refresh_dag' retrieved from /opt/airflow/dags/access_log_refresh_dag.py
[2025-11-05T17:52:21.130+0000] {logging_mixin.py:188} INFO - [2025-11-05T17:52:21.130+0000] {dag.py:3089} INFO - Sync 1 DAGs
[2025-11-05T17:52:21.236+0000] {logging_mixin.py:188} INFO - [2025-11-05T17:52:21.236+0000] {dag.py:3947} INFO - Setting next_dagrun for access_log_refresh_dag to 2025-11-05 00:00:00+00:00, run_after=2025-11-06 00:00:00+00:00
[2025-11-05T17:52:21.337+0000] {processor.py:183} INFO - Processing /opt/airflow/dags/access_log_refresh_dag.py took 0.507 seconds
[2025-11-05T17:52:51.681+0000] {processor.py:161} INFO - Started process (PID=837) to work on /opt/airflow/dags/access_log_refresh_dag.py
[2025-11-05T17:52:51.696+0000] {processor.py:830} INFO - Processing file /opt/airflow/dags/access_log_refresh_dag.py for tasks to queue
[2025-11-05T17:52:51.727+0000] {logging_mixin.py:188} INFO - [2025-11-05T17:52:51.725+0000] {dagbag.py:545} INFO - Filling up the DagBag from /opt/airflow/dags/access_log_refresh_dag.py
[2025-11-05T17:52:51.853+0000] {processor.py:840} INFO - DAG(s) 'access_log_refresh_dag' retrieved from /opt/airflow/dags/access_log_refresh_dag.py
[2025-11-05T17:52:52.000+0000] {logging_mixin.py:188} INFO - [2025-11-05T17:52:52.000+0000] {dag.py:3089} INFO - Sync 1 DAGs
[2025-11-05T17:52:52.080+0000] {logging_mixin.py:188} INFO - [2025-11-05T17:52:52.079+0000] {dag.py:3947} INFO - Setting next_dagrun for access_log_refresh_dag to 2025-11-05 00:00:00+00:00, run_after=2025-11-06 00:00:00+00:00
[2025-11-05T17:52:52.137+0000] {processor.py:183} INFO - Processing /opt/airflow/dags/access_log_refresh_dag.py took 0.521 seconds
[2025-11-05T17:53:22.238+0000] {processor.py:161} INFO - Started process (PID=842) to work on /opt/airflow/dags/access_log_refresh_dag.py
[2025-11-05T17:53:22.240+0000] {processor.py:830} INFO - Processing file /opt/airflow/dags/access_log_refresh_dag.py for tasks to queue
[2025-11-05T17:53:22.245+0000] {logging_mixin.py:188} INFO - [2025-11-05T17:53:22.244+0000] {dagbag.py:545} INFO - Filling up the DagBag from /opt/airflow/dags/access_log_refresh_dag.py
[2025-11-05T17:53:22.276+0000] {processor.py:840} INFO - DAG(s) 'access_log_refresh_dag' retrieved from /opt/airflow/dags/access_log_refresh_dag.py
[2025-11-05T17:53:22.356+0000] {logging_mixin.py:188} INFO - [2025-11-05T17:53:22.356+0000] {dag.py:3089} INFO - Sync 1 DAGs
[2025-11-05T17:53:22.420+0000] {logging_mixin.py:188} INFO - [2025-11-05T17:53:22.420+0000] {dag.py:3947} INFO - Setting next_dagrun for access_log_refresh_dag to 2025-11-05 00:00:00+00:00, run_after=2025-11-06 00:00:00+00:00
[2025-11-05T17:53:22.472+0000] {processor.py:183} INFO - Processing /opt/airflow/dags/access_log_refresh_dag.py took 0.249 seconds
[2025-11-05T17:53:52.626+0000] {processor.py:161} INFO - Started process (PID=847) to work on /opt/airflow/dags/access_log_refresh_dag.py
[2025-11-05T17:53:52.630+0000] {processor.py:830} INFO - Processing file /opt/airflow/dags/access_log_refresh_dag.py for tasks to queue
[2025-11-05T17:53:52.634+0000] {logging_mixin.py:188} INFO - [2025-11-05T17:53:52.633+0000] {dagbag.py:545} INFO - Filling up the DagBag from /opt/airflow/dags/access_log_refresh_dag.py
[2025-11-05T17:53:52.669+0000] {processor.py:840} INFO - DAG(s) 'access_log_refresh_dag' retrieved from /opt/airflow/dags/access_log_refresh_dag.py
[2025-11-05T17:53:52.746+0000] {logging_mixin.py:188} INFO - [2025-11-05T17:53:52.745+0000] {dag.py:3089} INFO - Sync 1 DAGs
[2025-11-05T17:53:52.810+0000] {logging_mixin.py:188} INFO - [2025-11-05T17:53:52.809+0000] {dag.py:3947} INFO - Setting next_dagrun for access_log_refresh_dag to 2025-11-05 00:00:00+00:00, run_after=2025-11-06 00:00:00+00:00
[2025-11-05T17:53:52.852+0000] {processor.py:183} INFO - Processing /opt/airflow/dags/access_log_refresh_dag.py took 0.239 seconds
[2025-11-05T17:54:23.109+0000] {processor.py:161} INFO - Started process (PID=852) to work on /opt/airflow/dags/access_log_refresh_dag.py
[2025-11-05T17:54:23.114+0000] {processor.py:830} INFO - Processing file /opt/airflow/dags/access_log_refresh_dag.py for tasks to queue
[2025-11-05T17:54:23.126+0000] {logging_mixin.py:188} INFO - [2025-11-05T17:54:23.124+0000] {dagbag.py:545} INFO - Filling up the DagBag from /opt/airflow/dags/access_log_refresh_dag.py
[2025-11-05T17:54:23.180+0000] {processor.py:840} INFO - DAG(s) 'access_log_refresh_dag' retrieved from /opt/airflow/dags/access_log_refresh_dag.py
[2025-11-05T17:54:23.465+0000] {logging_mixin.py:188} INFO - [2025-11-05T17:54:23.464+0000] {dag.py:3089} INFO - Sync 1 DAGs
[2025-11-05T17:54:23.665+0000] {logging_mixin.py:188} INFO - [2025-11-05T17:54:23.664+0000] {dag.py:3947} INFO - Setting next_dagrun for access_log_refresh_dag to 2025-11-05 00:00:00+00:00, run_after=2025-11-06 00:00:00+00:00
[2025-11-05T17:54:23.817+0000] {processor.py:183} INFO - Processing /opt/airflow/dags/access_log_refresh_dag.py took 0.757 seconds
[2025-11-05T17:54:54.396+0000] {processor.py:161} INFO - Started process (PID=857) to work on /opt/airflow/dags/access_log_refresh_dag.py
[2025-11-05T17:54:54.401+0000] {processor.py:830} INFO - Processing file /opt/airflow/dags/access_log_refresh_dag.py for tasks to queue
[2025-11-05T17:54:54.409+0000] {logging_mixin.py:188} INFO - [2025-11-05T17:54:54.408+0000] {dagbag.py:545} INFO - Filling up the DagBag from /opt/airflow/dags/access_log_refresh_dag.py
[2025-11-05T17:54:54.467+0000] {processor.py:840} INFO - DAG(s) 'access_log_refresh_dag' retrieved from /opt/airflow/dags/access_log_refresh_dag.py
[2025-11-05T17:54:54.614+0000] {logging_mixin.py:188} INFO - [2025-11-05T17:54:54.613+0000] {dag.py:3089} INFO - Sync 1 DAGs
[2025-11-05T17:54:54.712+0000] {logging_mixin.py:188} INFO - [2025-11-05T17:54:54.711+0000] {dag.py:3947} INFO - Setting next_dagrun for access_log_refresh_dag to 2025-11-05 00:00:00+00:00, run_after=2025-11-06 00:00:00+00:00
[2025-11-05T17:54:54.791+0000] {processor.py:183} INFO - Processing /opt/airflow/dags/access_log_refresh_dag.py took 0.427 seconds
[2025-11-05T17:55:25.040+0000] {processor.py:161} INFO - Started process (PID=862) to work on /opt/airflow/dags/access_log_refresh_dag.py
[2025-11-05T17:55:25.043+0000] {processor.py:830} INFO - Processing file /opt/airflow/dags/access_log_refresh_dag.py for tasks to queue
[2025-11-05T17:55:25.047+0000] {logging_mixin.py:188} INFO - [2025-11-05T17:55:25.046+0000] {dagbag.py:545} INFO - Filling up the DagBag from /opt/airflow/dags/access_log_refresh_dag.py
[2025-11-05T17:55:25.073+0000] {processor.py:840} INFO - DAG(s) 'access_log_refresh_dag' retrieved from /opt/airflow/dags/access_log_refresh_dag.py
[2025-11-05T17:55:25.152+0000] {logging_mixin.py:188} INFO - [2025-11-05T17:55:25.151+0000] {dag.py:3089} INFO - Sync 1 DAGs
[2025-11-05T17:55:25.202+0000] {logging_mixin.py:188} INFO - [2025-11-05T17:55:25.201+0000] {dag.py:3947} INFO - Setting next_dagrun for access_log_refresh_dag to 2025-11-05 00:00:00+00:00, run_after=2025-11-06 00:00:00+00:00
[2025-11-05T17:55:25.269+0000] {processor.py:183} INFO - Processing /opt/airflow/dags/access_log_refresh_dag.py took 0.242 seconds
[2025-11-05T17:55:55.507+0000] {processor.py:161} INFO - Started process (PID=867) to work on /opt/airflow/dags/access_log_refresh_dag.py
[2025-11-05T17:55:55.510+0000] {processor.py:830} INFO - Processing file /opt/airflow/dags/access_log_refresh_dag.py for tasks to queue
[2025-11-05T17:55:55.514+0000] {logging_mixin.py:188} INFO - [2025-11-05T17:55:55.513+0000] {dagbag.py:545} INFO - Filling up the DagBag from /opt/airflow/dags/access_log_refresh_dag.py
[2025-11-05T17:55:55.539+0000] {processor.py:840} INFO - DAG(s) 'access_log_refresh_dag' retrieved from /opt/airflow/dags/access_log_refresh_dag.py
[2025-11-05T17:55:55.617+0000] {logging_mixin.py:188} INFO - [2025-11-05T17:55:55.616+0000] {dag.py:3089} INFO - Sync 1 DAGs
[2025-11-05T17:55:55.675+0000] {logging_mixin.py:188} INFO - [2025-11-05T17:55:55.675+0000] {dag.py:3947} INFO - Setting next_dagrun for access_log_refresh_dag to 2025-11-05 00:00:00+00:00, run_after=2025-11-06 00:00:00+00:00
[2025-11-05T17:55:55.719+0000] {processor.py:183} INFO - Processing /opt/airflow/dags/access_log_refresh_dag.py took 0.227 seconds
[2025-11-05T17:56:25.941+0000] {processor.py:161} INFO - Started process (PID=872) to work on /opt/airflow/dags/access_log_refresh_dag.py
[2025-11-05T17:56:25.943+0000] {processor.py:830} INFO - Processing file /opt/airflow/dags/access_log_refresh_dag.py for tasks to queue
[2025-11-05T17:56:25.946+0000] {logging_mixin.py:188} INFO - [2025-11-05T17:56:25.946+0000] {dagbag.py:545} INFO - Filling up the DagBag from /opt/airflow/dags/access_log_refresh_dag.py
[2025-11-05T17:56:25.975+0000] {processor.py:840} INFO - DAG(s) 'access_log_refresh_dag' retrieved from /opt/airflow/dags/access_log_refresh_dag.py
[2025-11-05T17:56:26.050+0000] {logging_mixin.py:188} INFO - [2025-11-05T17:56:26.050+0000] {dag.py:3089} INFO - Sync 1 DAGs
[2025-11-05T17:56:26.104+0000] {logging_mixin.py:188} INFO - [2025-11-05T17:56:26.103+0000] {dag.py:3947} INFO - Setting next_dagrun for access_log_refresh_dag to 2025-11-05 00:00:00+00:00, run_after=2025-11-06 00:00:00+00:00
[2025-11-05T17:56:26.162+0000] {processor.py:183} INFO - Processing /opt/airflow/dags/access_log_refresh_dag.py took 0.233 seconds
[2025-11-05T17:56:56.380+0000] {processor.py:161} INFO - Started process (PID=877) to work on /opt/airflow/dags/access_log_refresh_dag.py
[2025-11-05T17:56:56.382+0000] {processor.py:830} INFO - Processing file /opt/airflow/dags/access_log_refresh_dag.py for tasks to queue
[2025-11-05T17:56:56.386+0000] {logging_mixin.py:188} INFO - [2025-11-05T17:56:56.385+0000] {dagbag.py:545} INFO - Filling up the DagBag from /opt/airflow/dags/access_log_refresh_dag.py
[2025-11-05T17:56:56.410+0000] {processor.py:840} INFO - DAG(s) 'access_log_refresh_dag' retrieved from /opt/airflow/dags/access_log_refresh_dag.py
[2025-11-05T17:56:56.491+0000] {logging_mixin.py:188} INFO - [2025-11-05T17:56:56.491+0000] {dag.py:3089} INFO - Sync 1 DAGs
[2025-11-05T17:56:56.553+0000] {logging_mixin.py:188} INFO - [2025-11-05T17:56:56.553+0000] {dag.py:3947} INFO - Setting next_dagrun for access_log_refresh_dag to 2025-11-05 00:00:00+00:00, run_after=2025-11-06 00:00:00+00:00
[2025-11-05T17:56:56.600+0000] {processor.py:183} INFO - Processing /opt/airflow/dags/access_log_refresh_dag.py took 0.233 seconds
[2025-11-05T17:57:26.837+0000] {processor.py:161} INFO - Started process (PID=882) to work on /opt/airflow/dags/access_log_refresh_dag.py
[2025-11-05T17:57:26.841+0000] {processor.py:830} INFO - Processing file /opt/airflow/dags/access_log_refresh_dag.py for tasks to queue
[2025-11-05T17:57:26.855+0000] {logging_mixin.py:188} INFO - [2025-11-05T17:57:26.845+0000] {dagbag.py:545} INFO - Filling up the DagBag from /opt/airflow/dags/access_log_refresh_dag.py
[2025-11-05T17:57:26.894+0000] {processor.py:840} INFO - DAG(s) 'access_log_refresh_dag' retrieved from /opt/airflow/dags/access_log_refresh_dag.py
[2025-11-05T17:57:26.979+0000] {logging_mixin.py:188} INFO - [2025-11-05T17:57:26.978+0000] {dag.py:3089} INFO - Sync 1 DAGs
[2025-11-05T17:57:27.061+0000] {logging_mixin.py:188} INFO - [2025-11-05T17:57:27.059+0000] {dag.py:3947} INFO - Setting next_dagrun for access_log_refresh_dag to 2025-11-05 00:00:00+00:00, run_after=2025-11-06 00:00:00+00:00
[2025-11-05T17:57:27.130+0000] {processor.py:183} INFO - Processing /opt/airflow/dags/access_log_refresh_dag.py took 0.309 seconds
[2025-11-05T17:57:57.393+0000] {processor.py:161} INFO - Started process (PID=887) to work on /opt/airflow/dags/access_log_refresh_dag.py
[2025-11-05T17:57:57.395+0000] {processor.py:830} INFO - Processing file /opt/airflow/dags/access_log_refresh_dag.py for tasks to queue
[2025-11-05T17:57:57.399+0000] {logging_mixin.py:188} INFO - [2025-11-05T17:57:57.398+0000] {dagbag.py:545} INFO - Filling up the DagBag from /opt/airflow/dags/access_log_refresh_dag.py
[2025-11-05T17:57:57.427+0000] {processor.py:840} INFO - DAG(s) 'access_log_refresh_dag' retrieved from /opt/airflow/dags/access_log_refresh_dag.py
[2025-11-05T17:57:57.503+0000] {logging_mixin.py:188} INFO - [2025-11-05T17:57:57.503+0000] {dag.py:3089} INFO - Sync 1 DAGs
[2025-11-05T17:57:57.574+0000] {logging_mixin.py:188} INFO - [2025-11-05T17:57:57.574+0000] {dag.py:3947} INFO - Setting next_dagrun for access_log_refresh_dag to 2025-11-05 00:00:00+00:00, run_after=2025-11-06 00:00:00+00:00
[2025-11-05T17:57:57.618+0000] {processor.py:183} INFO - Processing /opt/airflow/dags/access_log_refresh_dag.py took 0.247 seconds
[2025-11-05T17:58:27.883+0000] {processor.py:161} INFO - Started process (PID=892) to work on /opt/airflow/dags/access_log_refresh_dag.py
[2025-11-05T17:58:27.891+0000] {processor.py:830} INFO - Processing file /opt/airflow/dags/access_log_refresh_dag.py for tasks to queue
[2025-11-05T17:58:27.896+0000] {logging_mixin.py:188} INFO - [2025-11-05T17:58:27.895+0000] {dagbag.py:545} INFO - Filling up the DagBag from /opt/airflow/dags/access_log_refresh_dag.py
[2025-11-05T17:58:27.952+0000] {processor.py:840} INFO - DAG(s) 'access_log_refresh_dag' retrieved from /opt/airflow/dags/access_log_refresh_dag.py
[2025-11-05T17:58:28.168+0000] {logging_mixin.py:188} INFO - [2025-11-05T17:58:28.167+0000] {dag.py:3089} INFO - Sync 1 DAGs
[2025-11-05T17:58:28.237+0000] {logging_mixin.py:188} INFO - [2025-11-05T17:58:28.237+0000] {dag.py:3947} INFO - Setting next_dagrun for access_log_refresh_dag to 2025-11-05 00:00:00+00:00, run_after=2025-11-06 00:00:00+00:00
[2025-11-05T17:58:28.284+0000] {processor.py:183} INFO - Processing /opt/airflow/dags/access_log_refresh_dag.py took 0.437 seconds
[2025-11-05T17:58:58.525+0000] {processor.py:161} INFO - Started process (PID=897) to work on /opt/airflow/dags/access_log_refresh_dag.py
[2025-11-05T17:58:58.528+0000] {processor.py:830} INFO - Processing file /opt/airflow/dags/access_log_refresh_dag.py for tasks to queue
[2025-11-05T17:58:58.533+0000] {logging_mixin.py:188} INFO - [2025-11-05T17:58:58.532+0000] {dagbag.py:545} INFO - Filling up the DagBag from /opt/airflow/dags/access_log_refresh_dag.py
[2025-11-05T17:58:58.575+0000] {processor.py:840} INFO - DAG(s) 'access_log_refresh_dag' retrieved from /opt/airflow/dags/access_log_refresh_dag.py
[2025-11-05T17:58:58.762+0000] {logging_mixin.py:188} INFO - [2025-11-05T17:58:58.761+0000] {dag.py:3089} INFO - Sync 1 DAGs
[2025-11-05T17:58:58.877+0000] {logging_mixin.py:188} INFO - [2025-11-05T17:58:58.877+0000] {dag.py:3947} INFO - Setting next_dagrun for access_log_refresh_dag to 2025-11-05 00:00:00+00:00, run_after=2025-11-06 00:00:00+00:00
[2025-11-05T17:58:58.952+0000] {processor.py:183} INFO - Processing /opt/airflow/dags/access_log_refresh_dag.py took 0.446 seconds
[2025-11-05T17:59:29.274+0000] {processor.py:161} INFO - Started process (PID=902) to work on /opt/airflow/dags/access_log_refresh_dag.py
[2025-11-05T17:59:29.279+0000] {processor.py:830} INFO - Processing file /opt/airflow/dags/access_log_refresh_dag.py for tasks to queue
[2025-11-05T17:59:29.285+0000] {logging_mixin.py:188} INFO - [2025-11-05T17:59:29.284+0000] {dagbag.py:545} INFO - Filling up the DagBag from /opt/airflow/dags/access_log_refresh_dag.py
[2025-11-05T17:59:29.372+0000] {processor.py:840} INFO - DAG(s) 'access_log_refresh_dag' retrieved from /opt/airflow/dags/access_log_refresh_dag.py
[2025-11-05T17:59:29.523+0000] {logging_mixin.py:188} INFO - [2025-11-05T17:59:29.522+0000] {dag.py:3089} INFO - Sync 1 DAGs
[2025-11-05T17:59:29.585+0000] {logging_mixin.py:188} INFO - [2025-11-05T17:59:29.584+0000] {dag.py:3947} INFO - Setting next_dagrun for access_log_refresh_dag to 2025-11-05 00:00:00+00:00, run_after=2025-11-06 00:00:00+00:00
[2025-11-05T17:59:29.632+0000] {processor.py:183} INFO - Processing /opt/airflow/dags/access_log_refresh_dag.py took 0.411 seconds
[2025-11-05T17:59:59.869+0000] {processor.py:161} INFO - Started process (PID=907) to work on /opt/airflow/dags/access_log_refresh_dag.py
[2025-11-05T17:59:59.871+0000] {processor.py:830} INFO - Processing file /opt/airflow/dags/access_log_refresh_dag.py for tasks to queue
[2025-11-05T17:59:59.875+0000] {logging_mixin.py:188} INFO - [2025-11-05T17:59:59.875+0000] {dagbag.py:545} INFO - Filling up the DagBag from /opt/airflow/dags/access_log_refresh_dag.py
[2025-11-05T17:59:59.900+0000] {processor.py:840} INFO - DAG(s) 'access_log_refresh_dag' retrieved from /opt/airflow/dags/access_log_refresh_dag.py
[2025-11-05T17:59:59.976+0000] {logging_mixin.py:188} INFO - [2025-11-05T17:59:59.976+0000] {dag.py:3089} INFO - Sync 1 DAGs
[2025-11-05T18:00:00.047+0000] {logging_mixin.py:188} INFO - [2025-11-05T18:00:00.046+0000] {dag.py:3947} INFO - Setting next_dagrun for access_log_refresh_dag to 2025-11-05 00:00:00+00:00, run_after=2025-11-06 00:00:00+00:00
[2025-11-05T18:00:00.089+0000] {processor.py:183} INFO - Processing /opt/airflow/dags/access_log_refresh_dag.py took 0.239 seconds
[2025-11-05T18:00:30.388+0000] {processor.py:161} INFO - Started process (PID=912) to work on /opt/airflow/dags/access_log_refresh_dag.py
[2025-11-05T18:00:30.401+0000] {processor.py:830} INFO - Processing file /opt/airflow/dags/access_log_refresh_dag.py for tasks to queue
[2025-11-05T18:00:30.415+0000] {logging_mixin.py:188} INFO - [2025-11-05T18:00:30.405+0000] {dagbag.py:545} INFO - Filling up the DagBag from /opt/airflow/dags/access_log_refresh_dag.py
[2025-11-05T18:00:30.529+0000] {processor.py:840} INFO - DAG(s) 'access_log_refresh_dag' retrieved from /opt/airflow/dags/access_log_refresh_dag.py
[2025-11-05T18:00:31.132+0000] {logging_mixin.py:188} INFO - [2025-11-05T18:00:31.123+0000] {dag.py:3089} INFO - Sync 1 DAGs
[2025-11-05T18:00:31.708+0000] {logging_mixin.py:188} INFO - [2025-11-05T18:00:31.707+0000] {dag.py:3947} INFO - Setting next_dagrun for access_log_refresh_dag to 2025-11-05 00:00:00+00:00, run_after=2025-11-06 00:00:00+00:00
[2025-11-05T18:00:31.917+0000] {processor.py:183} INFO - Processing /opt/airflow/dags/access_log_refresh_dag.py took 1.577 seconds
