[2025-11-01T17:00:01.506+0000] {local_task_job_runner.py:120} INFO - ::group::Pre task execution logs
[2025-11-01T17:00:01.620+0000] {taskinstance.py:2076} INFO - Dependencies all met for dep_context=non-requeueable deps ti=<TaskInstance: access_log_refresh_dag.load_access_logs manual__2025-11-01T16:59:59.519276+00:00 [queued]>
[2025-11-01T17:00:01.652+0000] {taskinstance.py:2076} INFO - Dependencies all met for dep_context=requeueable deps ti=<TaskInstance: access_log_refresh_dag.load_access_logs manual__2025-11-01T16:59:59.519276+00:00 [queued]>
[2025-11-01T17:00:01.652+0000] {taskinstance.py:2306} INFO - Starting attempt 1 of 2
[2025-11-01T17:00:01.679+0000] {taskinstance.py:2330} INFO - Executing <Task(PythonOperator): load_access_logs> on 2025-11-01 16:59:59.519276+00:00
[2025-11-01T17:00:01.696+0000] {standard_task_runner.py:90} INFO - Running: ['airflow', 'tasks', 'run', 'access_log_refresh_dag', 'load_access_logs', 'manual__2025-11-01T16:59:59.519276+00:00', '--job-id', '22', '--raw', '--subdir', 'DAGS_FOLDER/access_log_refresh_dag.py', '--cfg-path', '/tmp/tmpoqp_ok6k']
[2025-11-01T17:00:01.704+0000] {standard_task_runner.py:91} INFO - Job 22: Subtask load_access_logs
[2025-11-01T17:00:01.712+0000] {logging_mixin.py:188} WARNING - /home/airflow/.local/lib/python3.12/site-packages/airflow/task/task_runner/standard_task_runner.py:62 DeprecationWarning: This process (pid=426) is multi-threaded, use of fork() may lead to deadlocks in the child.
[2025-11-01T17:00:01.713+0000] {standard_task_runner.py:64} INFO - Started process 427 to run task
[2025-11-01T17:00:01.827+0000] {task_command.py:426} INFO - Running <TaskInstance: access_log_refresh_dag.load_access_logs manual__2025-11-01T16:59:59.519276+00:00 [running]> on host b569c396156d
[2025-11-01T17:00:02.049+0000] {taskinstance.py:2648} INFO - Exporting env vars: AIRFLOW_CTX_DAG_OWNER='airflow' AIRFLOW_CTX_DAG_ID='access_log_refresh_dag' AIRFLOW_CTX_TASK_ID='load_access_logs' AIRFLOW_CTX_EXECUTION_DATE='2025-11-01T16:59:59.519276+00:00' AIRFLOW_CTX_TRY_NUMBER='1' AIRFLOW_CTX_DAG_RUN_ID='manual__2025-11-01T16:59:59.519276+00:00'
[2025-11-01T17:00:02.051+0000] {taskinstance.py:430} INFO - ::endgroup::
[2025-11-01T17:00:03.262+0000] {logging_mixin.py:188} INFO - ✅ Table created or already exists.
[2025-11-01T17:00:03.272+0000] {logging_mixin.py:188} INFO - 📄 CSV loaded with 998 rows.
[2025-11-01T17:00:03.304+0000] {logging_mixin.py:188} INFO - ⚠️ No new rows to insert — skipping append.
[2025-11-01T17:00:03.306+0000] {logging_mixin.py:188} INFO - 🎯 ETL with SQLAlchemy + Docker completed successfully.
[2025-11-01T17:00:03.306+0000] {python.py:237} INFO - Done. Returned value was: None
[2025-11-01T17:00:03.307+0000] {taskinstance.py:441} INFO - ::group::Post task execution logs
[2025-11-01T17:00:03.337+0000] {taskinstance.py:1206} INFO - Marking task as SUCCESS. dag_id=access_log_refresh_dag, task_id=load_access_logs, run_id=manual__2025-11-01T16:59:59.519276+00:00, execution_date=20251101T165959, start_date=20251101T170001, end_date=20251101T170003
[2025-11-01T17:00:03.418+0000] {local_task_job_runner.py:243} INFO - Task exited with return code 0
[2025-11-01T17:00:03.479+0000] {taskinstance.py:3503} INFO - 1 downstream tasks scheduled from follow-on schedule check
[2025-11-01T17:00:03.482+0000] {local_task_job_runner.py:222} INFO - ::endgroup::
