[2025-11-01T17:11:31.546+0000] {local_task_job_runner.py:120} INFO - ::group::Pre task execution logs
[2025-11-01T17:11:31.708+0000] {taskinstance.py:2076} INFO - Dependencies all met for dep_context=non-requeueable deps ti=<TaskInstance: access_log_refresh_dag.load_access_logs manual__2025-11-01T17:11:29.521957+00:00 [queued]>
[2025-11-01T17:11:31.724+0000] {taskinstance.py:2076} INFO - Dependencies all met for dep_context=requeueable deps ti=<TaskInstance: access_log_refresh_dag.load_access_logs manual__2025-11-01T17:11:29.521957+00:00 [queued]>
[2025-11-01T17:11:31.725+0000] {taskinstance.py:2306} INFO - Starting attempt 1 of 2
[2025-11-01T17:11:31.787+0000] {taskinstance.py:2330} INFO - Executing <Task(PythonOperator): load_access_logs> on 2025-11-01 17:11:29.521957+00:00
[2025-11-01T17:11:31.807+0000] {standard_task_runner.py:90} INFO - Running: ['airflow', 'tasks', 'run', 'access_log_refresh_dag', 'load_access_logs', 'manual__2025-11-01T17:11:29.521957+00:00', '--job-id', '2', '--raw', '--subdir', 'DAGS_FOLDER/access_log_refresh_dag.py', '--cfg-path', '/tmp/tmpskqus8vx']
[2025-11-01T17:11:31.816+0000] {standard_task_runner.py:91} INFO - Job 2: Subtask load_access_logs
[2025-11-01T17:11:31.837+0000] {logging_mixin.py:188} WARNING - /home/airflow/.local/lib/python3.12/site-packages/airflow/task/task_runner/standard_task_runner.py:62 DeprecationWarning: This process (pid=220) is multi-threaded, use of fork() may lead to deadlocks in the child.
[2025-11-01T17:11:31.841+0000] {standard_task_runner.py:64} INFO - Started process 221 to run task
[2025-11-01T17:11:31.997+0000] {task_command.py:426} INFO - Running <TaskInstance: access_log_refresh_dag.load_access_logs manual__2025-11-01T17:11:29.521957+00:00 [running]> on host 51231d51eec1
[2025-11-01T17:11:32.233+0000] {taskinstance.py:2648} INFO - Exporting env vars: AIRFLOW_CTX_DAG_OWNER='airflow' AIRFLOW_CTX_DAG_ID='access_log_refresh_dag' AIRFLOW_CTX_TASK_ID='load_access_logs' AIRFLOW_CTX_EXECUTION_DATE='2025-11-01T17:11:29.521957+00:00' AIRFLOW_CTX_TRY_NUMBER='1' AIRFLOW_CTX_DAG_RUN_ID='manual__2025-11-01T17:11:29.521957+00:00'
[2025-11-01T17:11:32.234+0000] {taskinstance.py:430} INFO - ::endgroup::
[2025-11-01T17:11:35.671+0000] {logging_mixin.py:188} INFO - ✅ Table created or already exists.
[2025-11-01T17:11:35.691+0000] {logging_mixin.py:188} INFO - 📄 CSV loaded with 998 rows.
[2025-11-01T17:11:35.855+0000] {logging_mixin.py:188} INFO - ✅ Inserted 998 new rows (skipped 0).
[2025-11-01T17:11:35.856+0000] {logging_mixin.py:188} INFO - 🎯 ETL with SQLAlchemy + Docker completed successfully.
[2025-11-01T17:11:35.857+0000] {python.py:237} INFO - Done. Returned value was: None
[2025-11-01T17:11:35.857+0000] {taskinstance.py:441} INFO - ::group::Post task execution logs
[2025-11-01T17:11:35.881+0000] {taskinstance.py:1206} INFO - Marking task as SUCCESS. dag_id=access_log_refresh_dag, task_id=load_access_logs, run_id=manual__2025-11-01T17:11:29.521957+00:00, execution_date=20251101T171129, start_date=20251101T171131, end_date=20251101T171135
[2025-11-01T17:11:35.947+0000] {local_task_job_runner.py:243} INFO - Task exited with return code 0
[2025-11-01T17:11:35.994+0000] {taskinstance.py:3503} INFO - 1 downstream tasks scheduled from follow-on schedule check
[2025-11-01T17:11:35.999+0000] {local_task_job_runner.py:222} INFO - ::endgroup::
