[2025-11-05T17:31:33.327+0000] {local_task_job_runner.py:120} INFO - ::group::Pre task execution logs
[2025-11-05T17:31:34.421+0000] {taskinstance.py:2076} INFO - Dependencies all met for dep_context=non-requeueable deps ti=<TaskInstance: access_log_refresh_dag.load_access_logs scheduled__2025-11-04T00:00:00+00:00 [queued]>
[2025-11-05T17:31:34.614+0000] {taskinstance.py:2076} INFO - Dependencies all met for dep_context=requeueable deps ti=<TaskInstance: access_log_refresh_dag.load_access_logs scheduled__2025-11-04T00:00:00+00:00 [queued]>
[2025-11-05T17:31:34.615+0000] {taskinstance.py:2306} INFO - Starting attempt 1 of 2
[2025-11-05T17:31:34.817+0000] {taskinstance.py:2330} INFO - Executing <Task(PythonOperator): load_access_logs> on 2025-11-04 00:00:00+00:00
[2025-11-05T17:31:35.055+0000] {standard_task_runner.py:90} INFO - Running: ['airflow', 'tasks', 'run', 'access_log_refresh_dag', 'load_access_logs', 'scheduled__2025-11-04T00:00:00+00:00', '--job-id', '8', '--raw', '--subdir', 'DAGS_FOLDER/access_log_refresh_dag.py', '--cfg-path', '/tmp/tmp6wy8tvgo']
[2025-11-05T17:31:35.151+0000] {standard_task_runner.py:91} INFO - Job 8: Subtask load_access_logs
[2025-11-05T17:31:35.207+0000] {logging_mixin.py:188} WARNING - /home/airflow/.local/lib/python3.12/site-packages/airflow/task/task_runner/standard_task_runner.py:62 DeprecationWarning: This process (pid=594) is multi-threaded, use of fork() may lead to deadlocks in the child.
[2025-11-05T17:31:35.208+0000] {standard_task_runner.py:64} INFO - Started process 596 to run task
[2025-11-05T17:31:36.566+0000] {task_command.py:426} INFO - Running <TaskInstance: access_log_refresh_dag.load_access_logs scheduled__2025-11-04T00:00:00+00:00 [running]> on host e34b3a823b72
[2025-11-05T17:31:39.599+0000] {taskinstance.py:2648} INFO - Exporting env vars: AIRFLOW_CTX_DAG_OWNER='airflow' AIRFLOW_CTX_DAG_ID='access_log_refresh_dag' AIRFLOW_CTX_TASK_ID='load_access_logs' AIRFLOW_CTX_EXECUTION_DATE='2025-11-04T00:00:00+00:00' AIRFLOW_CTX_TRY_NUMBER='1' AIRFLOW_CTX_DAG_RUN_ID='scheduled__2025-11-04T00:00:00+00:00'
[2025-11-05T17:31:39.613+0000] {taskinstance.py:430} INFO - ::endgroup::
[2025-11-05T17:31:49.785+0000] {logging_mixin.py:188} INFO - ✅ Table created or already exists.
[2025-11-05T17:31:49.836+0000] {logging_mixin.py:188} INFO - 📄 CSV loaded with 998 rows.
[2025-11-05T17:31:49.919+0000] {logging_mixin.py:188} INFO - ⚠️ No new rows to insert — skipping append.
[2025-11-05T17:31:49.920+0000] {logging_mixin.py:188} INFO - 🎯 ETL with SQLAlchemy + Docker completed successfully.
[2025-11-05T17:31:49.922+0000] {python.py:237} INFO - Done. Returned value was: None
[2025-11-05T17:31:49.924+0000] {taskinstance.py:441} INFO - ::group::Post task execution logs
[2025-11-05T17:31:50.020+0000] {taskinstance.py:1206} INFO - Marking task as SUCCESS. dag_id=access_log_refresh_dag, task_id=load_access_logs, run_id=scheduled__2025-11-04T00:00:00+00:00, execution_date=20251104T000000, start_date=20251105T173134, end_date=20251105T173150
[2025-11-05T17:31:50.300+0000] {local_task_job_runner.py:243} INFO - Task exited with return code 0
[2025-11-05T17:31:50.533+0000] {taskinstance.py:3503} INFO - 0 downstream tasks scheduled from follow-on schedule check
[2025-11-05T17:31:50.566+0000] {local_task_job_runner.py:222} INFO - ::endgroup::
