[2025-11-01T18:26:27.497+0000] {local_task_job_runner.py:120} INFO - ::group::Pre task execution logs
[2025-11-01T18:26:27.580+0000] {taskinstance.py:2076} INFO - Dependencies all met for dep_context=non-requeueable deps ti=<TaskInstance: access_log_refresh_dag.load_access_logs manual__2025-11-01T18:26:25.826692+00:00 [queued]>
[2025-11-01T18:26:27.595+0000] {taskinstance.py:2076} INFO - Dependencies all met for dep_context=requeueable deps ti=<TaskInstance: access_log_refresh_dag.load_access_logs manual__2025-11-01T18:26:25.826692+00:00 [queued]>
[2025-11-01T18:26:27.596+0000] {taskinstance.py:2306} INFO - Starting attempt 1 of 2
[2025-11-01T18:26:27.620+0000] {taskinstance.py:2330} INFO - Executing <Task(PythonOperator): load_access_logs> on 2025-11-01 18:26:25.826692+00:00
[2025-11-01T18:26:27.638+0000] {standard_task_runner.py:90} INFO - Running: ['airflow', 'tasks', 'run', 'access_log_refresh_dag', 'load_access_logs', 'manual__2025-11-01T18:26:25.826692+00:00', '--job-id', '15', '--raw', '--subdir', 'DAGS_FOLDER/access_log_refresh_dag.py', '--cfg-path', '/tmp/tmpxam4j6fk']
[2025-11-01T18:26:27.644+0000] {standard_task_runner.py:91} INFO - Job 15: Subtask load_access_logs
[2025-11-01T18:26:27.648+0000] {logging_mixin.py:188} WARNING - /home/airflow/.local/lib/python3.12/site-packages/airflow/task/task_runner/standard_task_runner.py:62 DeprecationWarning: This process (pid=237) is multi-threaded, use of fork() may lead to deadlocks in the child.
[2025-11-01T18:26:27.649+0000] {standard_task_runner.py:64} INFO - Started process 238 to run task
[2025-11-01T18:26:27.761+0000] {task_command.py:426} INFO - Running <TaskInstance: access_log_refresh_dag.load_access_logs manual__2025-11-01T18:26:25.826692+00:00 [running]> on host 51231d51eec1
[2025-11-01T18:26:27.982+0000] {taskinstance.py:2648} INFO - Exporting env vars: AIRFLOW_CTX_DAG_OWNER='airflow' AIRFLOW_CTX_DAG_ID='access_log_refresh_dag' AIRFLOW_CTX_TASK_ID='load_access_logs' AIRFLOW_CTX_EXECUTION_DATE='2025-11-01T18:26:25.826692+00:00' AIRFLOW_CTX_TRY_NUMBER='1' AIRFLOW_CTX_DAG_RUN_ID='manual__2025-11-01T18:26:25.826692+00:00'
[2025-11-01T18:26:27.983+0000] {taskinstance.py:430} INFO - ::endgroup::
[2025-11-01T18:26:29.040+0000] {logging_mixin.py:188} INFO - ✅ Table created or already exists.
[2025-11-01T18:26:29.049+0000] {logging_mixin.py:188} INFO - 📄 CSV loaded with 998 rows.
[2025-11-01T18:26:29.062+0000] {logging_mixin.py:188} INFO - ⚠️ No new rows to insert — skipping append.
[2025-11-01T18:26:29.063+0000] {logging_mixin.py:188} INFO - 🎯 ETL with SQLAlchemy + Docker completed successfully.
[2025-11-01T18:26:29.064+0000] {python.py:237} INFO - Done. Returned value was: None
[2025-11-01T18:26:29.064+0000] {taskinstance.py:441} INFO - ::group::Post task execution logs
[2025-11-01T18:26:29.086+0000] {taskinstance.py:1206} INFO - Marking task as SUCCESS. dag_id=access_log_refresh_dag, task_id=load_access_logs, run_id=manual__2025-11-01T18:26:25.826692+00:00, execution_date=20251101T182625, start_date=20251101T182627, end_date=20251101T182629
[2025-11-01T18:26:29.153+0000] {local_task_job_runner.py:243} INFO - Task exited with return code 0
[2025-11-01T18:26:29.192+0000] {taskinstance.py:3503} INFO - 1 downstream tasks scheduled from follow-on schedule check
[2025-11-01T18:26:29.198+0000] {local_task_job_runner.py:222} INFO - ::endgroup::
