[2025-11-01T19:26:13.696+0000] {local_task_job_runner.py:120} INFO - ::group::Pre task execution logs
[2025-11-01T19:26:13.776+0000] {taskinstance.py:2076} INFO - Dependencies all met for dep_context=non-requeueable deps ti=<TaskInstance: access_log_refresh_dag.run_dbt_models manual__2025-11-01T19:26:09.467276+00:00 [queued]>
[2025-11-01T19:26:13.796+0000] {taskinstance.py:2076} INFO - Dependencies all met for dep_context=requeueable deps ti=<TaskInstance: access_log_refresh_dag.run_dbt_models manual__2025-11-01T19:26:09.467276+00:00 [queued]>
[2025-11-01T19:26:13.797+0000] {taskinstance.py:2306} INFO - Starting attempt 1 of 2
[2025-11-01T19:26:13.825+0000] {taskinstance.py:2330} INFO - Executing <Task(BashOperator): run_dbt_models> on 2025-11-01 19:26:09.467276+00:00
[2025-11-01T19:26:13.844+0000] {standard_task_runner.py:90} INFO - Running: ['airflow', 'tasks', 'run', 'access_log_refresh_dag', 'run_dbt_models', 'manual__2025-11-01T19:26:09.467276+00:00', '--job-id', '24', '--raw', '--subdir', 'DAGS_FOLDER/access_log_refresh_dag.py', '--cfg-path', '/tmp/tmp_obk97q1']
[2025-11-01T19:26:13.849+0000] {standard_task_runner.py:91} INFO - Job 24: Subtask run_dbt_models
[2025-11-01T19:26:13.851+0000] {logging_mixin.py:188} WARNING - /home/airflow/.local/lib/python3.12/site-packages/airflow/task/task_runner/standard_task_runner.py:62 DeprecationWarning: This process (pid=178) is multi-threaded, use of fork() may lead to deadlocks in the child.
[2025-11-01T19:26:13.852+0000] {standard_task_runner.py:64} INFO - Started process 179 to run task
[2025-11-01T19:26:13.962+0000] {task_command.py:426} INFO - Running <TaskInstance: access_log_refresh_dag.run_dbt_models manual__2025-11-01T19:26:09.467276+00:00 [running]> on host 51231d51eec1
[2025-11-01T19:26:14.227+0000] {taskinstance.py:2648} INFO - Exporting env vars: AIRFLOW_CTX_DAG_OWNER='airflow' AIRFLOW_CTX_DAG_ID='access_log_refresh_dag' AIRFLOW_CTX_TASK_ID='run_dbt_models' AIRFLOW_CTX_EXECUTION_DATE='2025-11-01T19:26:09.467276+00:00' AIRFLOW_CTX_TRY_NUMBER='1' AIRFLOW_CTX_DAG_RUN_ID='manual__2025-11-01T19:26:09.467276+00:00'
[2025-11-01T19:26:14.230+0000] {taskinstance.py:430} INFO - ::endgroup::
[2025-11-01T19:26:14.269+0000] {subprocess.py:63} INFO - Tmp dir root location: /tmp
[2025-11-01T19:26:14.271+0000] {subprocess.py:75} INFO - Running command: ['/usr/bin/bash', '-c', 'dbt run --project-dir /home/airflow/dbt_projects/access_log_project --profiles-dir /home/airflow/.dbt']
[2025-11-01T19:26:14.291+0000] {subprocess.py:86} INFO - Output:
[2025-11-01T19:26:18.963+0000] {subprocess.py:93} INFO - [0m19:26:18  Running with dbt=1.9.0
[2025-11-01T19:26:19.761+0000] {subprocess.py:93} INFO - [0m19:26:19  Registered adapter: postgres=1.9.0
[2025-11-01T19:26:20.552+0000] {subprocess.py:93} INFO - [0m19:26:20  Found 3 models, 1 source, 434 macros
[2025-11-01T19:26:20.556+0000] {subprocess.py:93} INFO - [0m19:26:20
[2025-11-01T19:26:20.557+0000] {subprocess.py:93} INFO - [0m19:26:20  Concurrency: 1 threads (target='dev')
[2025-11-01T19:26:20.558+0000] {subprocess.py:93} INFO - [0m19:26:20
[2025-11-01T19:26:20.822+0000] {subprocess.py:93} INFO - [0m19:26:20  1 of 3 START sql view model gold.stg_access_logs ............................... [RUN]
[2025-11-01T19:26:21.047+0000] {subprocess.py:93} INFO - [0m19:26:21  1 of 3 OK created sql view model gold.stg_access_logs .......................... [[32mCREATE VIEW[0m in 0.22s]
[2025-11-01T19:26:21.052+0000] {subprocess.py:93} INFO - [0m19:26:21  2 of 3 START sql view model gold.agg_user_activity ............................. [RUN]
[2025-11-01T19:26:21.133+0000] {subprocess.py:93} INFO - [0m19:26:21  2 of 3 OK created sql view model gold.agg_user_activity ........................ [[32mCREATE VIEW[0m in 0.07s]
[2025-11-01T19:26:21.138+0000] {subprocess.py:93} INFO - [0m19:26:21  3 of 3 START sql view model gold.suspicious_activity ........................... [RUN]
[2025-11-01T19:26:21.213+0000] {subprocess.py:93} INFO - [0m19:26:21  3 of 3 OK created sql view model gold.suspicious_activity ...................... [[32mCREATE VIEW[0m in 0.07s]
[2025-11-01T19:26:21.247+0000] {subprocess.py:93} INFO - [0m19:26:21
[2025-11-01T19:26:21.249+0000] {subprocess.py:93} INFO - [0m19:26:21  Finished running 3 view models in 0 hours 0 minutes and 0.69 seconds (0.69s).
[2025-11-01T19:26:21.311+0000] {subprocess.py:93} INFO - [0m19:26:21
[2025-11-01T19:26:21.312+0000] {subprocess.py:93} INFO - [0m19:26:21  [32mCompleted successfully[0m
[2025-11-01T19:26:21.313+0000] {subprocess.py:93} INFO - [0m19:26:21
[2025-11-01T19:26:21.314+0000] {subprocess.py:93} INFO - [0m19:26:21  Done. PASS=3 WARN=0 ERROR=0 SKIP=0 TOTAL=3
[2025-11-01T19:26:26.798+0000] {subprocess.py:97} INFO - Command exited with return code 0
[2025-11-01T19:26:26.800+0000] {taskinstance.py:441} INFO - ::group::Post task execution logs
[2025-11-01T19:26:26.859+0000] {taskinstance.py:1206} INFO - Marking task as SUCCESS. dag_id=access_log_refresh_dag, task_id=run_dbt_models, run_id=manual__2025-11-01T19:26:09.467276+00:00, execution_date=20251101T192609, start_date=20251101T192613, end_date=20251101T192626
[2025-11-01T19:26:26.902+0000] {local_task_job_runner.py:243} INFO - Task exited with return code 0
[2025-11-01T19:26:26.944+0000] {taskinstance.py:3503} INFO - 0 downstream tasks scheduled from follow-on schedule check
[2025-11-01T19:26:26.950+0000] {local_task_job_runner.py:222} INFO - ::endgroup::
