[2025-11-01T15:37:43.689+0000] {local_task_job_runner.py:120} INFO - ::group::Pre task execution logs
[2025-11-01T15:37:43.875+0000] {taskinstance.py:2076} INFO - Dependencies all met for dep_context=non-requeueable deps ti=<TaskInstance: access_log_refresh_dag.run_dbt_models manual__2025-11-01T15:37:36.731828+00:00 [queued]>
[2025-11-01T15:37:43.906+0000] {taskinstance.py:2076} INFO - Dependencies all met for dep_context=requeueable deps ti=<TaskInstance: access_log_refresh_dag.run_dbt_models manual__2025-11-01T15:37:36.731828+00:00 [queued]>
[2025-11-01T15:37:43.906+0000] {taskinstance.py:2306} INFO - Starting attempt 1 of 2
[2025-11-01T15:37:43.944+0000] {taskinstance.py:2330} INFO - Executing <Task(BashOperator): run_dbt_models> on 2025-11-01 15:37:36.731828+00:00
[2025-11-01T15:37:43.961+0000] {standard_task_runner.py:90} INFO - Running: ['airflow', 'tasks', 'run', 'access_log_refresh_dag', 'run_dbt_models', 'manual__2025-11-01T15:37:36.731828+00:00', '--job-id', '3', '--raw', '--subdir', 'DAGS_FOLDER/access_log_refresh_dag.py', '--cfg-path', '/tmp/tmpe2a9r6h2']
[2025-11-01T15:37:43.972+0000] {standard_task_runner.py:91} INFO - Job 3: Subtask run_dbt_models
[2025-11-01T15:37:43.982+0000] {logging_mixin.py:188} WARNING - /home/airflow/.local/lib/python3.12/site-packages/airflow/task/task_runner/standard_task_runner.py:62 DeprecationWarning: This process (pid=204) is multi-threaded, use of fork() may lead to deadlocks in the child.
[2025-11-01T15:37:43.983+0000] {standard_task_runner.py:64} INFO - Started process 205 to run task
[2025-11-01T15:37:44.156+0000] {task_command.py:426} INFO - Running <TaskInstance: access_log_refresh_dag.run_dbt_models manual__2025-11-01T15:37:36.731828+00:00 [running]> on host d400d0dd903a
[2025-11-01T15:37:44.409+0000] {taskinstance.py:2648} INFO - Exporting env vars: AIRFLOW_CTX_DAG_OWNER='airflow' AIRFLOW_CTX_DAG_ID='access_log_refresh_dag' AIRFLOW_CTX_TASK_ID='run_dbt_models' AIRFLOW_CTX_EXECUTION_DATE='2025-11-01T15:37:36.731828+00:00' AIRFLOW_CTX_TRY_NUMBER='1' AIRFLOW_CTX_DAG_RUN_ID='manual__2025-11-01T15:37:36.731828+00:00'
[2025-11-01T15:37:44.411+0000] {taskinstance.py:430} INFO - ::endgroup::
[2025-11-01T15:37:44.442+0000] {subprocess.py:63} INFO - Tmp dir root location: /tmp
[2025-11-01T15:37:44.444+0000] {subprocess.py:75} INFO - Running command: ['/usr/bin/bash', '-c', 'dbt run --project-dir /home/airflow/dbt_projects/access_log_project --profiles-dir /home/airflow/.dbt']
[2025-11-01T15:37:44.458+0000] {subprocess.py:86} INFO - Output:
[2025-11-01T15:37:49.993+0000] {subprocess.py:93} INFO - Usage: dbt run [OPTIONS]
[2025-11-01T15:37:49.994+0000] {subprocess.py:93} INFO - Try 'dbt run -h' for help.
[2025-11-01T15:37:49.995+0000] {subprocess.py:93} INFO - 
[2025-11-01T15:37:49.996+0000] {subprocess.py:93} INFO - Error: Invalid value for '--project-dir': Path '/home/airflow/dbt_projects/access_log_project' does not exist.
[2025-11-01T15:37:50.374+0000] {subprocess.py:97} INFO - Command exited with return code 2
[2025-11-01T15:37:50.378+0000] {taskinstance.py:441} INFO - ::group::Post task execution logs
[2025-11-01T15:37:50.409+0000] {taskinstance.py:2905} ERROR - Task failed with exception
Traceback (most recent call last):
  File "/home/airflow/.local/lib/python3.12/site-packages/airflow/models/taskinstance.py", line 465, in _execute_task
    result = _execute_callable(context=context, **execute_callable_kwargs)
             ^^^^^^^^^^^^^^^^^^^^^^^^^^^^^^^^^^^^^^^^^^^^^^^^^^^^^^^^^^^^^
  File "/home/airflow/.local/lib/python3.12/site-packages/airflow/models/taskinstance.py", line 432, in _execute_callable
    return execute_callable(context=context, **execute_callable_kwargs)
           ^^^^^^^^^^^^^^^^^^^^^^^^^^^^^^^^^^^^^^^^^^^^^^^^^^^^^^^^^^^^
  File "/home/airflow/.local/lib/python3.12/site-packages/airflow/models/baseoperator.py", line 401, in wrapper
    return func(self, *args, **kwargs)
           ^^^^^^^^^^^^^^^^^^^^^^^^^^^
  File "/home/airflow/.local/lib/python3.12/site-packages/airflow/operators/bash.py", line 243, in execute
    raise AirflowException(
airflow.exceptions.AirflowException: Bash command failed. The command returned a non-zero exit code 2.
[2025-11-01T15:37:50.417+0000] {taskinstance.py:1206} INFO - Marking task as UP_FOR_RETRY. dag_id=access_log_refresh_dag, task_id=run_dbt_models, run_id=manual__2025-11-01T15:37:36.731828+00:00, execution_date=20251101T153736, start_date=20251101T153743, end_date=20251101T153750
[2025-11-01T15:37:50.447+0000] {standard_task_runner.py:110} ERROR - Failed to execute job 3 for task run_dbt_models (Bash command failed. The command returned a non-zero exit code 2.; 205)
[2025-11-01T15:37:50.479+0000] {local_task_job_runner.py:243} INFO - Task exited with return code 1
[2025-11-01T15:37:50.515+0000] {taskinstance.py:3503} INFO - 0 downstream tasks scheduled from follow-on schedule check
[2025-11-01T15:37:50.519+0000] {local_task_job_runner.py:222} INFO - ::endgroup::
