[2025-11-01T18:13:14.467+0000] {local_task_job_runner.py:120} INFO - ::group::Pre task execution logs
[2025-11-01T18:13:14.655+0000] {taskinstance.py:2076} INFO - Dependencies all met for dep_context=non-requeueable deps ti=<TaskInstance: access_log_refresh_dag.run_dbt_models manual__2025-11-01T18:13:10.811845+00:00 [queued]>
[2025-11-01T18:13:14.698+0000] {taskinstance.py:2076} INFO - Dependencies all met for dep_context=requeueable deps ti=<TaskInstance: access_log_refresh_dag.run_dbt_models manual__2025-11-01T18:13:10.811845+00:00 [queued]>
[2025-11-01T18:13:14.700+0000] {taskinstance.py:2306} INFO - Starting attempt 1 of 2
[2025-11-01T18:13:14.745+0000] {taskinstance.py:2330} INFO - Executing <Task(BashOperator): run_dbt_models> on 2025-11-01 18:13:10.811845+00:00
[2025-11-01T18:13:14.768+0000] {standard_task_runner.py:90} INFO - Running: ['airflow', 'tasks', 'run', 'access_log_refresh_dag', 'run_dbt_models', 'manual__2025-11-01T18:13:10.811845+00:00', '--job-id', '11', '--raw', '--subdir', 'DAGS_FOLDER/access_log_refresh_dag.py', '--cfg-path', '/tmp/tmpfxtw5t5i']
[2025-11-01T18:13:14.777+0000] {standard_task_runner.py:91} INFO - Job 11: Subtask run_dbt_models
[2025-11-01T18:13:14.783+0000] {logging_mixin.py:188} WARNING - /home/airflow/.local/lib/python3.12/site-packages/airflow/task/task_runner/standard_task_runner.py:62 DeprecationWarning: This process (pid=178) is multi-threaded, use of fork() may lead to deadlocks in the child.
[2025-11-01T18:13:14.785+0000] {standard_task_runner.py:64} INFO - Started process 179 to run task
[2025-11-01T18:13:14.957+0000] {task_command.py:426} INFO - Running <TaskInstance: access_log_refresh_dag.run_dbt_models manual__2025-11-01T18:13:10.811845+00:00 [running]> on host 51231d51eec1
[2025-11-01T18:13:15.185+0000] {taskinstance.py:2648} INFO - Exporting env vars: AIRFLOW_CTX_DAG_OWNER='airflow' AIRFLOW_CTX_DAG_ID='access_log_refresh_dag' AIRFLOW_CTX_TASK_ID='run_dbt_models' AIRFLOW_CTX_EXECUTION_DATE='2025-11-01T18:13:10.811845+00:00' AIRFLOW_CTX_TRY_NUMBER='1' AIRFLOW_CTX_DAG_RUN_ID='manual__2025-11-01T18:13:10.811845+00:00'
[2025-11-01T18:13:15.187+0000] {taskinstance.py:430} INFO - ::endgroup::
[2025-11-01T18:13:15.216+0000] {subprocess.py:63} INFO - Tmp dir root location: /tmp
[2025-11-01T18:13:15.218+0000] {subprocess.py:75} INFO - Running command: ['/usr/bin/bash', '-c', 'dbt run --project-dir /home/airflow/dbt_projects/access_log_project --profiles-dir /home/airflow/.dbt']
[2025-11-01T18:13:15.235+0000] {subprocess.py:86} INFO - Output:
[2025-11-01T18:13:20.356+0000] {subprocess.py:93} INFO - [0m18:13:20  Running with dbt=1.9.0
[2025-11-01T18:13:20.910+0000] {subprocess.py:93} INFO - [0m18:13:20  Registered adapter: postgres=1.9.0
[2025-11-01T18:13:22.255+0000] {subprocess.py:93} INFO - [0m18:13:22  [[33mWARNING[0m]: Configuration paths exist in your dbt_project.yml file which do not apply to any resources.
[2025-11-01T18:13:22.256+0000] {subprocess.py:93} INFO - There are 1 unused configuration paths:
[2025-11-01T18:13:22.256+0000] {subprocess.py:93} INFO - - models.access_log_project.example
[2025-11-01T18:13:22.505+0000] {subprocess.py:93} INFO - [0m18:13:22  Found 3 models, 1 source, 434 macros
[2025-11-01T18:13:22.510+0000] {subprocess.py:93} INFO - [0m18:13:22
[2025-11-01T18:13:22.511+0000] {subprocess.py:93} INFO - [0m18:13:22  Concurrency: 1 threads (target='dev')
[2025-11-01T18:13:22.512+0000] {subprocess.py:93} INFO - [0m18:13:22
[2025-11-01T18:13:22.790+0000] {subprocess.py:93} INFO - [0m18:13:22  1 of 3 START sql view model gold.agg_user_activity ............................. [RUN]
[2025-11-01T18:13:23.156+0000] {subprocess.py:93} INFO - [0m18:13:23  1 of 3 OK created sql view model gold.agg_user_activity ........................ [[32mCREATE VIEW[0m in 0.36s]
[2025-11-01T18:13:23.167+0000] {subprocess.py:93} INFO - [0m18:13:23  2 of 3 START sql view model gold.stg_access_logs ............................... [RUN]
[2025-11-01T18:13:23.250+0000] {subprocess.py:93} INFO - [0m18:13:23  2 of 3 OK created sql view model gold.stg_access_logs .......................... [[32mCREATE VIEW[0m in 0.08s]
[2025-11-01T18:13:23.256+0000] {subprocess.py:93} INFO - [0m18:13:23  3 of 3 START sql view model gold.suspicious_activity ........................... [RUN]
[2025-11-01T18:13:23.341+0000] {subprocess.py:93} INFO - [0m18:13:23  3 of 3 OK created sql view model gold.suspicious_activity ...................... [[32mCREATE VIEW[0m in 0.08s]
[2025-11-01T18:13:23.374+0000] {subprocess.py:93} INFO - [0m18:13:23
[2025-11-01T18:13:23.375+0000] {subprocess.py:93} INFO - [0m18:13:23  Finished running 3 view models in 0 hours 0 minutes and 0.86 seconds (0.86s).
[2025-11-01T18:13:23.462+0000] {subprocess.py:93} INFO - [0m18:13:23
[2025-11-01T18:13:23.463+0000] {subprocess.py:93} INFO - [0m18:13:23  [32mCompleted successfully[0m
[2025-11-01T18:13:23.465+0000] {subprocess.py:93} INFO - [0m18:13:23
[2025-11-01T18:13:23.466+0000] {subprocess.py:93} INFO - [0m18:13:23  Done. PASS=3 WARN=0 ERROR=0 SKIP=0 TOTAL=3
[2025-11-01T18:13:27.832+0000] {subprocess.py:97} INFO - Command exited with return code 0
[2025-11-01T18:13:27.833+0000] {taskinstance.py:441} INFO - ::group::Post task execution logs
[2025-11-01T18:13:27.898+0000] {taskinstance.py:1206} INFO - Marking task as SUCCESS. dag_id=access_log_refresh_dag, task_id=run_dbt_models, run_id=manual__2025-11-01T18:13:10.811845+00:00, execution_date=20251101T181310, start_date=20251101T181314, end_date=20251101T181327
[2025-11-01T18:13:27.941+0000] {local_task_job_runner.py:243} INFO - Task exited with return code 0
[2025-11-01T18:13:27.976+0000] {taskinstance.py:3503} INFO - 0 downstream tasks scheduled from follow-on schedule check
[2025-11-01T18:13:27.981+0000] {local_task_job_runner.py:222} INFO - ::endgroup::
