[2025-11-02T15:15:58.236+0000] {local_task_job_runner.py:120} INFO - ::group::Pre task execution logs
[2025-11-02T15:15:58.678+0000] {taskinstance.py:2076} INFO - Dependencies all met for dep_context=non-requeueable deps ti=<TaskInstance: access_log_refresh_dag.load_access_logs manual__2025-11-02T15:15:51.598538+00:00 [queued]>
[2025-11-02T15:15:58.753+0000] {taskinstance.py:2076} INFO - Dependencies all met for dep_context=requeueable deps ti=<TaskInstance: access_log_refresh_dag.load_access_logs manual__2025-11-02T15:15:51.598538+00:00 [queued]>
[2025-11-02T15:15:58.754+0000] {taskinstance.py:2306} INFO - Starting attempt 1 of 2
[2025-11-02T15:15:58.897+0000] {taskinstance.py:2330} INFO - Executing <Task(PythonOperator): load_access_logs> on 2025-11-02 15:15:51.598538+00:00
[2025-11-02T15:15:58.989+0000] {standard_task_runner.py:90} INFO - Running: ['airflow', 'tasks', 'run', 'access_log_refresh_dag', 'load_access_logs', 'manual__2025-11-02T15:15:51.598538+00:00', '--job-id', '2', '--raw', '--subdir', 'DAGS_FOLDER/access_log_refresh_dag.py', '--cfg-path', '/tmp/tmpsey3l855']
[2025-11-02T15:15:59.030+0000] {standard_task_runner.py:91} INFO - Job 2: Subtask load_access_logs
[2025-11-02T15:15:59.119+0000] {logging_mixin.py:188} WARNING - /home/airflow/.local/lib/python3.12/site-packages/airflow/task/task_runner/standard_task_runner.py:62 DeprecationWarning: This process (pid=317) is multi-threaded, use of fork() may lead to deadlocks in the child.
[2025-11-02T15:15:59.129+0000] {standard_task_runner.py:64} INFO - Started process 319 to run task
[2025-11-02T15:15:59.926+0000] {task_command.py:426} INFO - Running <TaskInstance: access_log_refresh_dag.load_access_logs manual__2025-11-02T15:15:51.598538+00:00 [running]> on host e34b3a823b72
[2025-11-02T15:16:00.981+0000] {taskinstance.py:2648} INFO - Exporting env vars: AIRFLOW_CTX_DAG_OWNER='airflow' AIRFLOW_CTX_DAG_ID='access_log_refresh_dag' AIRFLOW_CTX_TASK_ID='load_access_logs' AIRFLOW_CTX_EXECUTION_DATE='2025-11-02T15:15:51.598538+00:00' AIRFLOW_CTX_TRY_NUMBER='1' AIRFLOW_CTX_DAG_RUN_ID='manual__2025-11-02T15:15:51.598538+00:00'
[2025-11-02T15:16:00.983+0000] {taskinstance.py:430} INFO - ::endgroup::
[2025-11-02T15:16:28.458+0000] {taskinstance.py:441} INFO - ::group::Post task execution logs
[2025-11-02T15:16:28.460+0000] {taskinstance.py:2905} ERROR - Task failed with exception
Traceback (most recent call last):
  File "/home/airflow/.local/lib/python3.12/site-packages/sqlalchemy/engine/base.py", line 1910, in _execute_context
    self.dialect.do_execute(
  File "/home/airflow/.local/lib/python3.12/site-packages/sqlalchemy/engine/default.py", line 736, in do_execute
    cursor.execute(statement, parameters)
psycopg2.errors.UniqueViolation: duplicate key value violates unique constraint "pg_type_typname_nsp_index"
DETAIL:  Key (typname, typnamespace)=(access_logs, 2200) already exists.


The above exception was the direct cause of the following exception:

Traceback (most recent call last):
  File "/home/airflow/.local/lib/python3.12/site-packages/airflow/models/taskinstance.py", line 465, in _execute_task
    result = _execute_callable(context=context, **execute_callable_kwargs)
             ^^^^^^^^^^^^^^^^^^^^^^^^^^^^^^^^^^^^^^^^^^^^^^^^^^^^^^^^^^^^^
  File "/home/airflow/.local/lib/python3.12/site-packages/airflow/models/taskinstance.py", line 432, in _execute_callable
    return execute_callable(context=context, **execute_callable_kwargs)
           ^^^^^^^^^^^^^^^^^^^^^^^^^^^^^^^^^^^^^^^^^^^^^^^^^^^^^^^^^^^^
  File "/home/airflow/.local/lib/python3.12/site-packages/airflow/models/baseoperator.py", line 401, in wrapper
    return func(self, *args, **kwargs)
           ^^^^^^^^^^^^^^^^^^^^^^^^^^^
  File "/home/airflow/.local/lib/python3.12/site-packages/airflow/operators/python.py", line 235, in execute
    return_value = self.execute_callable()
                   ^^^^^^^^^^^^^^^^^^^^^^^
  File "/home/airflow/.local/lib/python3.12/site-packages/airflow/operators/python.py", line 252, in execute_callable
    return self.python_callable(*self.op_args, **self.op_kwargs)
           ^^^^^^^^^^^^^^^^^^^^^^^^^^^^^^^^^^^^^^^^^^^^^^^^^^^^^
  File "/opt/airflow/dags/access_log_refresh_dag.py", line 47, in run_sqlalchemy_loader
    conn.execute(text(create_table_sql))
  File "/home/airflow/.local/lib/python3.12/site-packages/sqlalchemy/engine/base.py", line 1385, in execute
    return meth(self, multiparams, params, _EMPTY_EXECUTION_OPTS)
           ^^^^^^^^^^^^^^^^^^^^^^^^^^^^^^^^^^^^^^^^^^^^^^^^^^^^^^
  File "/home/airflow/.local/lib/python3.12/site-packages/sqlalchemy/sql/elements.py", line 334, in _execute_on_connection
    return connection._execute_clauseelement(
           ^^^^^^^^^^^^^^^^^^^^^^^^^^^^^^^^^^
  File "/home/airflow/.local/lib/python3.12/site-packages/sqlalchemy/engine/base.py", line 1577, in _execute_clauseelement
    ret = self._execute_context(
          ^^^^^^^^^^^^^^^^^^^^^^
  File "/home/airflow/.local/lib/python3.12/site-packages/sqlalchemy/engine/base.py", line 1953, in _execute_context
    self._handle_dbapi_exception(
  File "/home/airflow/.local/lib/python3.12/site-packages/sqlalchemy/engine/base.py", line 2134, in _handle_dbapi_exception
    util.raise_(
  File "/home/airflow/.local/lib/python3.12/site-packages/sqlalchemy/util/compat.py", line 211, in raise_
    raise exception
  File "/home/airflow/.local/lib/python3.12/site-packages/sqlalchemy/engine/base.py", line 1910, in _execute_context
    self.dialect.do_execute(
  File "/home/airflow/.local/lib/python3.12/site-packages/sqlalchemy/engine/default.py", line 736, in do_execute
    cursor.execute(statement, parameters)
sqlalchemy.exc.IntegrityError: (psycopg2.errors.UniqueViolation) duplicate key value violates unique constraint "pg_type_typname_nsp_index"
DETAIL:  Key (typname, typnamespace)=(access_logs, 2200) already exists.

[SQL: 
    CREATE TABLE IF NOT EXISTS access_logs (
        log_id SERIAL PRIMARY KEY,
        user_id INT,
        username VARCHAR(50),
        login_time TIMESTAMP,
        logout_time TIMESTAMP,
        ip_address VARCHAR(50),
        device_type VARCHAR(20),
        status VARCHAR(20),
        branch_name VARCHAR(50),
        role VARCHAR(50)
    );
    ]
(Background on this error at: https://sqlalche.me/e/14/gkpj)
[2025-11-02T15:16:28.627+0000] {taskinstance.py:1206} INFO - Marking task as UP_FOR_RETRY. dag_id=access_log_refresh_dag, task_id=load_access_logs, run_id=manual__2025-11-02T15:15:51.598538+00:00, execution_date=20251102T151551, start_date=20251102T151558, end_date=20251102T151628
[2025-11-02T15:16:28.688+0000] {standard_task_runner.py:110} ERROR - Failed to execute job 2 for task load_access_logs ((psycopg2.errors.UniqueViolation) duplicate key value violates unique constraint "pg_type_typname_nsp_index"
DETAIL:  Key (typname, typnamespace)=(access_logs, 2200) already exists.

[SQL: 
    CREATE TABLE IF NOT EXISTS access_logs (
        log_id SERIAL PRIMARY KEY,
        user_id INT,
        username VARCHAR(50),
        login_time TIMESTAMP,
        logout_time TIMESTAMP,
        ip_address VARCHAR(50),
        device_type VARCHAR(20),
        status VARCHAR(20),
        branch_name VARCHAR(50),
        role VARCHAR(50)
    );
    ]
(Background on this error at: https://sqlalche.me/e/14/gkpj); 319)
[2025-11-02T15:16:28.863+0000] {local_task_job_runner.py:243} INFO - Task exited with return code 1
[2025-11-02T15:16:29.049+0000] {taskinstance.py:3503} INFO - 0 downstream tasks scheduled from follow-on schedule check
[2025-11-02T15:16:29.064+0000] {local_task_job_runner.py:222} INFO - ::endgroup::
