[2025-11-05T17:31:55.068+0000] {local_task_job_runner.py:120} INFO - ::group::Pre task execution logs
[2025-11-05T17:31:55.554+0000] {taskinstance.py:2076} INFO - Dependencies all met for dep_context=non-requeueable deps ti=<TaskInstance: access_log_refresh_dag.run_dbt_models scheduled__2025-11-04T00:00:00+00:00 [queued]>
[2025-11-05T17:31:55.651+0000] {taskinstance.py:2076} INFO - Dependencies all met for dep_context=requeueable deps ti=<TaskInstance: access_log_refresh_dag.run_dbt_models scheduled__2025-11-04T00:00:00+00:00 [queued]>
[2025-11-05T17:31:55.664+0000] {taskinstance.py:2306} INFO - Starting attempt 1 of 2
[2025-11-05T17:31:55.856+0000] {taskinstance.py:2330} INFO - Executing <Task(BashOperator): run_dbt_models> on 2025-11-04 00:00:00+00:00
[2025-11-05T17:31:55.954+0000] {standard_task_runner.py:90} INFO - Running: ['airflow', 'tasks', 'run', 'access_log_refresh_dag', 'run_dbt_models', 'scheduled__2025-11-04T00:00:00+00:00', '--job-id', '10', '--raw', '--subdir', 'DAGS_FOLDER/access_log_refresh_dag.py', '--cfg-path', '/tmp/tmpg1ai9brq']
[2025-11-05T17:31:56.011+0000] {standard_task_runner.py:91} INFO - Job 10: Subtask run_dbt_models
[2025-11-05T17:31:56.015+0000] {logging_mixin.py:188} WARNING - /home/airflow/.local/lib/python3.12/site-packages/airflow/task/task_runner/standard_task_runner.py:62 DeprecationWarning: This process (pid=599) is multi-threaded, use of fork() may lead to deadlocks in the child.
[2025-11-05T17:31:56.031+0000] {standard_task_runner.py:64} INFO - Started process 605 to run task
[2025-11-05T17:31:56.903+0000] {task_command.py:426} INFO - Running <TaskInstance: access_log_refresh_dag.run_dbt_models scheduled__2025-11-04T00:00:00+00:00 [running]> on host e34b3a823b72
[2025-11-05T17:31:57.955+0000] {taskinstance.py:2648} INFO - Exporting env vars: AIRFLOW_CTX_DAG_OWNER='airflow' AIRFLOW_CTX_DAG_ID='access_log_refresh_dag' AIRFLOW_CTX_TASK_ID='run_dbt_models' AIRFLOW_CTX_EXECUTION_DATE='2025-11-04T00:00:00+00:00' AIRFLOW_CTX_TRY_NUMBER='1' AIRFLOW_CTX_DAG_RUN_ID='scheduled__2025-11-04T00:00:00+00:00'
[2025-11-05T17:31:57.958+0000] {taskinstance.py:430} INFO - ::endgroup::
[2025-11-05T17:31:58.088+0000] {subprocess.py:63} INFO - Tmp dir root location: /tmp
[2025-11-05T17:31:58.102+0000] {subprocess.py:75} INFO - Running command: ['/usr/bin/bash', '-c', 'dbt run --project-dir /home/airflow/dbt_projects/access_log_project --profiles-dir /home/airflow/.dbt']
[2025-11-05T17:31:58.166+0000] {subprocess.py:86} INFO - Output:
[2025-11-05T17:32:22.307+0000] {subprocess.py:93} INFO - [0m17:32:22  Running with dbt=1.9.0
[2025-11-05T17:32:24.833+0000] {subprocess.py:93} INFO - [0m17:32:24  Registered adapter: postgres=1.9.0
[2025-11-05T17:32:28.706+0000] {subprocess.py:93} INFO - [0m17:32:28  Found 3 models, 1 source, 434 macros
[2025-11-05T17:32:28.761+0000] {subprocess.py:93} INFO - [0m17:32:28
[2025-11-05T17:32:28.771+0000] {subprocess.py:93} INFO - [0m17:32:28  Concurrency: 1 threads (target='dev')
[2025-11-05T17:32:28.774+0000] {subprocess.py:93} INFO - [0m17:32:28
[2025-11-05T17:32:29.915+0000] {subprocess.py:93} INFO - [0m17:32:29  1 of 3 START sql view model gold.stg_access_logs ............................... [RUN]
[2025-11-05T17:32:30.658+0000] {subprocess.py:93} INFO - [0m17:32:30  1 of 3 OK created sql view model gold.stg_access_logs .......................... [[32mCREATE VIEW[0m in 0.73s]
[2025-11-05T17:32:30.676+0000] {subprocess.py:93} INFO - [0m17:32:30  2 of 3 START sql view model gold.agg_user_activity ............................. [RUN]
[2025-11-05T17:32:30.908+0000] {subprocess.py:93} INFO - [0m17:32:30  2 of 3 OK created sql view model gold.agg_user_activity ........................ [[32mCREATE VIEW[0m in 0.22s]
[2025-11-05T17:32:30.915+0000] {subprocess.py:93} INFO - [0m17:32:30  3 of 3 START sql view model gold.suspicious_activity ........................... [RUN]
[2025-11-05T17:32:31.219+0000] {subprocess.py:93} INFO - [0m17:32:31  3 of 3 OK created sql view model gold.suspicious_activity ...................... [[32mCREATE VIEW[0m in 0.29s]
[2025-11-05T17:32:31.310+0000] {subprocess.py:93} INFO - [0m17:32:31
[2025-11-05T17:32:31.316+0000] {subprocess.py:93} INFO - [0m17:32:31  Finished running 3 view models in 0 hours 0 minutes and 2.53 seconds (2.53s).
[2025-11-05T17:32:31.529+0000] {subprocess.py:93} INFO - [0m17:32:31
[2025-11-05T17:32:31.534+0000] {subprocess.py:93} INFO - [0m17:32:31  [32mCompleted successfully[0m
[2025-11-05T17:32:31.537+0000] {subprocess.py:93} INFO - [0m17:32:31
[2025-11-05T17:32:31.539+0000] {subprocess.py:93} INFO - [0m17:32:31  Done. PASS=3 WARN=0 ERROR=0 SKIP=0 TOTAL=3
[2025-11-05T17:32:41.035+0000] {subprocess.py:97} INFO - Command exited with return code 0
[2025-11-05T17:32:41.037+0000] {taskinstance.py:441} INFO - ::group::Post task execution logs
[2025-11-05T17:32:41.200+0000] {taskinstance.py:1206} INFO - Marking task as SUCCESS. dag_id=access_log_refresh_dag, task_id=run_dbt_models, run_id=scheduled__2025-11-04T00:00:00+00:00, execution_date=20251104T000000, start_date=20251105T173155, end_date=20251105T173241
[2025-11-05T17:32:41.298+0000] {local_task_job_runner.py:243} INFO - Task exited with return code 0
[2025-11-05T17:32:41.421+0000] {taskinstance.py:3503} INFO - 0 downstream tasks scheduled from follow-on schedule check
[2025-11-05T17:32:41.449+0000] {local_task_job_runner.py:222} INFO - ::endgroup::
