[2025-11-01T18:31:41.034+0000] {local_task_job_runner.py:120} INFO - ::group::Pre task execution logs
[2025-11-01T18:31:41.108+0000] {taskinstance.py:2076} INFO - Dependencies all met for dep_context=non-requeueable deps ti=<TaskInstance: access_log_refresh_dag.run_dbt_models manual__2025-11-01T18:26:25.826692+00:00 [queued]>
[2025-11-01T18:31:41.124+0000] {taskinstance.py:2076} INFO - Dependencies all met for dep_context=requeueable deps ti=<TaskInstance: access_log_refresh_dag.run_dbt_models manual__2025-11-01T18:26:25.826692+00:00 [queued]>
[2025-11-01T18:31:41.125+0000] {taskinstance.py:2306} INFO - Starting attempt 2 of 2
[2025-11-01T18:31:41.155+0000] {taskinstance.py:2330} INFO - Executing <Task(BashOperator): run_dbt_models> on 2025-11-01 18:26:25.826692+00:00
[2025-11-01T18:31:41.173+0000] {standard_task_runner.py:90} INFO - Running: ['airflow', 'tasks', 'run', 'access_log_refresh_dag', 'run_dbt_models', 'manual__2025-11-01T18:26:25.826692+00:00', '--job-id', '20', '--raw', '--subdir', 'DAGS_FOLDER/access_log_refresh_dag.py', '--cfg-path', '/tmp/tmpzmijnbag']
[2025-11-01T18:31:41.179+0000] {standard_task_runner.py:91} INFO - Job 20: Subtask run_dbt_models
[2025-11-01T18:31:41.182+0000] {logging_mixin.py:188} WARNING - /home/airflow/.local/lib/python3.12/site-packages/airflow/task/task_runner/standard_task_runner.py:62 DeprecationWarning: This process (pid=312) is multi-threaded, use of fork() may lead to deadlocks in the child.
[2025-11-01T18:31:41.183+0000] {standard_task_runner.py:64} INFO - Started process 313 to run task
[2025-11-01T18:31:41.282+0000] {task_command.py:426} INFO - Running <TaskInstance: access_log_refresh_dag.run_dbt_models manual__2025-11-01T18:26:25.826692+00:00 [running]> on host 51231d51eec1
[2025-11-01T18:31:41.480+0000] {taskinstance.py:2648} INFO - Exporting env vars: AIRFLOW_CTX_DAG_OWNER='airflow' AIRFLOW_CTX_DAG_ID='access_log_refresh_dag' AIRFLOW_CTX_TASK_ID='run_dbt_models' AIRFLOW_CTX_EXECUTION_DATE='2025-11-01T18:26:25.826692+00:00' AIRFLOW_CTX_TRY_NUMBER='2' AIRFLOW_CTX_DAG_RUN_ID='manual__2025-11-01T18:26:25.826692+00:00'
[2025-11-01T18:31:41.482+0000] {taskinstance.py:430} INFO - ::endgroup::
[2025-11-01T18:31:41.502+0000] {subprocess.py:63} INFO - Tmp dir root location: /tmp
[2025-11-01T18:31:41.503+0000] {subprocess.py:75} INFO - Running command: ['/usr/bin/bash', '-c', 'dbt run --project-dir /home/airflow/dbt_projects/access_log_project --profiles-dir /home/airflow/.dbt']
[2025-11-01T18:31:41.518+0000] {subprocess.py:86} INFO - Output:
[2025-11-01T18:31:45.571+0000] {subprocess.py:93} INFO - [0m18:31:45  Running with dbt=1.9.0
[2025-11-01T18:31:46.064+0000] {subprocess.py:93} INFO - [0m18:31:46  Registered adapter: postgres=1.9.0
[2025-11-01T18:31:48.171+0000] {subprocess.py:93} INFO - [0m18:31:48  Found 3 models, 1 source, 434 macros
[2025-11-01T18:31:48.177+0000] {subprocess.py:93} INFO - [0m18:31:48
[2025-11-01T18:31:48.179+0000] {subprocess.py:93} INFO - [0m18:31:48  Concurrency: 1 threads (target='dev')
[2025-11-01T18:31:48.180+0000] {subprocess.py:93} INFO - [0m18:31:48
[2025-11-01T18:31:48.469+0000] {subprocess.py:93} INFO - [0m18:31:48  1 of 3 START sql view model gold.stg_access_logs ............................... [RUN]
[2025-11-01T18:31:48.700+0000] {subprocess.py:93} INFO - [0m18:31:48  1 of 3 OK created sql view model gold.stg_access_logs .......................... [[32mCREATE VIEW[0m in 0.22s]
[2025-11-01T18:31:48.704+0000] {subprocess.py:93} INFO - [0m18:31:48  2 of 3 START sql view model gold.agg_user_activity ............................. [RUN]
[2025-11-01T18:31:48.789+0000] {subprocess.py:93} INFO - [0m18:31:48  2 of 3 OK created sql view model gold.agg_user_activity ........................ [[32mCREATE VIEW[0m in 0.08s]
[2025-11-01T18:31:48.794+0000] {subprocess.py:93} INFO - [0m18:31:48  3 of 3 START sql view model gold.suspicious_activity ........................... [RUN]
[2025-11-01T18:31:48.869+0000] {subprocess.py:93} INFO - [0m18:31:48  3 of 3 OK created sql view model gold.suspicious_activity ...................... [[32mCREATE VIEW[0m in 0.07s]
[2025-11-01T18:31:48.902+0000] {subprocess.py:93} INFO - [0m18:31:48
[2025-11-01T18:31:48.903+0000] {subprocess.py:93} INFO - [0m18:31:48  Finished running 3 view models in 0 hours 0 minutes and 0.72 seconds (0.72s).
[2025-11-01T18:31:48.970+0000] {subprocess.py:93} INFO - [0m18:31:48
[2025-11-01T18:31:48.971+0000] {subprocess.py:93} INFO - [0m18:31:48  [32mCompleted successfully[0m
[2025-11-01T18:31:48.972+0000] {subprocess.py:93} INFO - [0m18:31:48
[2025-11-01T18:31:48.973+0000] {subprocess.py:93} INFO - [0m18:31:48  Done. PASS=3 WARN=0 ERROR=0 SKIP=0 TOTAL=3
[2025-11-01T18:31:51.149+0000] {subprocess.py:97} INFO - Command exited with return code 0
[2025-11-01T18:31:51.150+0000] {taskinstance.py:441} INFO - ::group::Post task execution logs
[2025-11-01T18:31:51.204+0000] {taskinstance.py:1206} INFO - Marking task as SUCCESS. dag_id=access_log_refresh_dag, task_id=run_dbt_models, run_id=manual__2025-11-01T18:26:25.826692+00:00, execution_date=20251101T182625, start_date=20251101T183141, end_date=20251101T183151
[2025-11-01T18:31:51.248+0000] {local_task_job_runner.py:243} INFO - Task exited with return code 0
[2025-11-01T18:31:51.280+0000] {taskinstance.py:3503} INFO - 0 downstream tasks scheduled from follow-on schedule check
[2025-11-01T18:31:51.286+0000] {local_task_job_runner.py:222} INFO - ::endgroup::
