[2025-11-05T17:31:31.691+0000] {local_task_job_runner.py:120} INFO - ::group::Pre task execution logs
[2025-11-05T17:31:32.879+0000] {taskinstance.py:2076} INFO - Dependencies all met for dep_context=non-requeueable deps ti=<TaskInstance: access_log_refresh_dag.load_access_logs scheduled__2025-11-02T00:00:00+00:00 [queued]>
[2025-11-05T17:31:33.006+0000] {taskinstance.py:2076} INFO - Dependencies all met for dep_context=requeueable deps ti=<TaskInstance: access_log_refresh_dag.load_access_logs scheduled__2025-11-02T00:00:00+00:00 [queued]>
[2025-11-05T17:31:33.007+0000] {taskinstance.py:2306} INFO - Starting attempt 1 of 2
[2025-11-05T17:31:33.344+0000] {taskinstance.py:2330} INFO - Executing <Task(PythonOperator): load_access_logs> on 2025-11-02 00:00:00+00:00
[2025-11-05T17:31:33.401+0000] {standard_task_runner.py:90} INFO - Running: ['airflow', 'tasks', 'run', 'access_log_refresh_dag', 'load_access_logs', 'scheduled__2025-11-02T00:00:00+00:00', '--job-id', '7', '--raw', '--subdir', 'DAGS_FOLDER/access_log_refresh_dag.py', '--cfg-path', '/tmp/tmpmj352j0a']
[2025-11-05T17:31:33.432+0000] {standard_task_runner.py:91} INFO - Job 7: Subtask load_access_logs
[2025-11-05T17:31:33.761+0000] {logging_mixin.py:188} WARNING - /home/airflow/.local/lib/python3.12/site-packages/airflow/task/task_runner/standard_task_runner.py:62 DeprecationWarning: This process (pid=591) is multi-threaded, use of fork() may lead to deadlocks in the child.
[2025-11-05T17:31:33.764+0000] {standard_task_runner.py:64} INFO - Started process 595 to run task
[2025-11-05T17:31:35.129+0000] {task_command.py:426} INFO - Running <TaskInstance: access_log_refresh_dag.load_access_logs scheduled__2025-11-02T00:00:00+00:00 [running]> on host e34b3a823b72
[2025-11-05T17:31:38.154+0000] {taskinstance.py:2648} INFO - Exporting env vars: AIRFLOW_CTX_DAG_OWNER='airflow' AIRFLOW_CTX_DAG_ID='access_log_refresh_dag' AIRFLOW_CTX_TASK_ID='load_access_logs' AIRFLOW_CTX_EXECUTION_DATE='2025-11-02T00:00:00+00:00' AIRFLOW_CTX_TRY_NUMBER='1' AIRFLOW_CTX_DAG_RUN_ID='scheduled__2025-11-02T00:00:00+00:00'
[2025-11-05T17:31:38.175+0000] {taskinstance.py:430} INFO - ::endgroup::
[2025-11-05T17:31:49.774+0000] {logging_mixin.py:188} INFO - ✅ Table created or already exists.
[2025-11-05T17:31:49.823+0000] {logging_mixin.py:188} INFO - 📄 CSV loaded with 998 rows.
[2025-11-05T17:31:49.906+0000] {logging_mixin.py:188} INFO - ⚠️ No new rows to insert — skipping append.
[2025-11-05T17:31:49.909+0000] {logging_mixin.py:188} INFO - 🎯 ETL with SQLAlchemy + Docker completed successfully.
[2025-11-05T17:31:49.910+0000] {python.py:237} INFO - Done. Returned value was: None
[2025-11-05T17:31:49.912+0000] {taskinstance.py:441} INFO - ::group::Post task execution logs
[2025-11-05T17:31:50.051+0000] {taskinstance.py:1206} INFO - Marking task as SUCCESS. dag_id=access_log_refresh_dag, task_id=load_access_logs, run_id=scheduled__2025-11-02T00:00:00+00:00, execution_date=20251102T000000, start_date=20251105T173132, end_date=20251105T173150
[2025-11-05T17:31:50.346+0000] {local_task_job_runner.py:243} INFO - Task exited with return code 0
[2025-11-05T17:31:50.643+0000] {taskinstance.py:3503} INFO - 0 downstream tasks scheduled from follow-on schedule check
[2025-11-05T17:31:50.663+0000] {local_task_job_runner.py:222} INFO - ::endgroup::
