[2025-11-01T13:23:05.393+0000] {local_task_job_runner.py:120} INFO - ::group::Pre task execution logs
[2025-11-01T13:23:05.535+0000] {taskinstance.py:2076} INFO - Dependencies all met for dep_context=non-requeueable deps ti=<TaskInstance: access_log_refresh_dag.load_access_logs manual__2025-11-01T13:17:52.639081+00:00 [queued]>
[2025-11-01T13:23:05.566+0000] {taskinstance.py:2076} INFO - Dependencies all met for dep_context=requeueable deps ti=<TaskInstance: access_log_refresh_dag.load_access_logs manual__2025-11-01T13:17:52.639081+00:00 [queued]>
[2025-11-01T13:23:05.567+0000] {taskinstance.py:2306} INFO - Starting attempt 2 of 2
[2025-11-01T13:23:05.599+0000] {taskinstance.py:2330} INFO - Executing <Task(PythonOperator): load_access_logs> on 2025-11-01 13:17:52.639081+00:00
[2025-11-01T13:23:05.624+0000] {standard_task_runner.py:90} INFO - Running: ['airflow', 'tasks', 'run', 'access_log_refresh_dag', 'load_access_logs', 'manual__2025-11-01T13:17:52.639081+00:00', '--job-id', '3', '--raw', '--subdir', 'DAGS_FOLDER/access_log_refresh_dag.py', '--cfg-path', '/tmp/tmpdhwakmye']
[2025-11-01T13:23:05.635+0000] {standard_task_runner.py:91} INFO - Job 3: Subtask load_access_logs
[2025-11-01T13:23:05.652+0000] {logging_mixin.py:188} WARNING - /home/airflow/.local/lib/python3.12/site-packages/airflow/task/task_runner/standard_task_runner.py:62 DeprecationWarning: This process (pid=238) is multi-threaded, use of fork() may lead to deadlocks in the child.
[2025-11-01T13:23:05.653+0000] {standard_task_runner.py:64} INFO - Started process 239 to run task
[2025-11-01T13:23:05.782+0000] {task_command.py:426} INFO - Running <TaskInstance: access_log_refresh_dag.load_access_logs manual__2025-11-01T13:17:52.639081+00:00 [running]> on host 23c1e96fc6dd
[2025-11-01T13:23:05.988+0000] {taskinstance.py:2648} INFO - Exporting env vars: AIRFLOW_CTX_DAG_OWNER='airflow' AIRFLOW_CTX_DAG_ID='access_log_refresh_dag' AIRFLOW_CTX_TASK_ID='load_access_logs' AIRFLOW_CTX_EXECUTION_DATE='2025-11-01T13:17:52.639081+00:00' AIRFLOW_CTX_TRY_NUMBER='2' AIRFLOW_CTX_DAG_RUN_ID='manual__2025-11-01T13:17:52.639081+00:00'
[2025-11-01T13:23:05.990+0000] {taskinstance.py:430} INFO - ::endgroup::
[2025-11-01T13:23:08.625+0000] {taskinstance.py:441} INFO - ::group::Post task execution logs
[2025-11-01T13:23:08.627+0000] {taskinstance.py:2905} ERROR - Task failed with exception
Traceback (most recent call last):
  File "/home/airflow/.local/lib/python3.12/site-packages/airflow/models/taskinstance.py", line 465, in _execute_task
    result = _execute_callable(context=context, **execute_callable_kwargs)
             ^^^^^^^^^^^^^^^^^^^^^^^^^^^^^^^^^^^^^^^^^^^^^^^^^^^^^^^^^^^^^
  File "/home/airflow/.local/lib/python3.12/site-packages/airflow/models/taskinstance.py", line 432, in _execute_callable
    return execute_callable(context=context, **execute_callable_kwargs)
           ^^^^^^^^^^^^^^^^^^^^^^^^^^^^^^^^^^^^^^^^^^^^^^^^^^^^^^^^^^^^
  File "/home/airflow/.local/lib/python3.12/site-packages/airflow/models/baseoperator.py", line 401, in wrapper
    return func(self, *args, **kwargs)
           ^^^^^^^^^^^^^^^^^^^^^^^^^^^
  File "/home/airflow/.local/lib/python3.12/site-packages/airflow/operators/python.py", line 235, in execute
    return_value = self.execute_callable()
                   ^^^^^^^^^^^^^^^^^^^^^^^
  File "/home/airflow/.local/lib/python3.12/site-packages/airflow/operators/python.py", line 252, in execute_callable
    return self.python_callable(*self.op_args, **self.op_kwargs)
           ^^^^^^^^^^^^^^^^^^^^^^^^^^^^^^^^^^^^^^^^^^^^^^^^^^^^^
  File "/opt/airflow/dags/access_log_refresh_dag.py", line 16, in run_sqlalchemy_loader
    subprocess.run(["python3", "/opt/airflow/dags/load_access_logs_sqlalchemy.py"], check=True)
  File "/usr/local/lib/python3.12/subprocess.py", line 571, in run
    raise CalledProcessError(retcode, process.args,
subprocess.CalledProcessError: Command '['python3', '/opt/airflow/dags/load_access_logs_sqlalchemy.py']' returned non-zero exit status 1.
[2025-11-01T13:23:08.660+0000] {taskinstance.py:1206} INFO - Marking task as FAILED. dag_id=access_log_refresh_dag, task_id=load_access_logs, run_id=manual__2025-11-01T13:17:52.639081+00:00, execution_date=20251101T131752, start_date=20251101T132305, end_date=20251101T132308
[2025-11-01T13:23:08.696+0000] {standard_task_runner.py:110} ERROR - Failed to execute job 3 for task load_access_logs (Command '['python3', '/opt/airflow/dags/load_access_logs_sqlalchemy.py']' returned non-zero exit status 1.; 239)
[2025-11-01T13:23:08.723+0000] {local_task_job_runner.py:243} INFO - Task exited with return code 1
[2025-11-01T13:23:08.758+0000] {local_task_job_runner.py:222} INFO - ::endgroup::
