[2025-11-01T13:17:54.193+0000] {local_task_job_runner.py:120} INFO - ::group::Pre task execution logs
[2025-11-01T13:17:54.271+0000] {taskinstance.py:2076} INFO - Dependencies all met for dep_context=non-requeueable deps ti=<TaskInstance: access_log_refresh_dag.load_access_logs manual__2025-11-01T13:17:52.639081+00:00 [queued]>
[2025-11-01T13:17:54.288+0000] {taskinstance.py:2076} INFO - Dependencies all met for dep_context=requeueable deps ti=<TaskInstance: access_log_refresh_dag.load_access_logs manual__2025-11-01T13:17:52.639081+00:00 [queued]>
[2025-11-01T13:17:54.289+0000] {taskinstance.py:2306} INFO - Starting attempt 1 of 2
[2025-11-01T13:17:54.319+0000] {taskinstance.py:2330} INFO - Executing <Task(PythonOperator): load_access_logs> on 2025-11-01 13:17:52.639081+00:00
[2025-11-01T13:17:54.334+0000] {standard_task_runner.py:90} INFO - Running: ['airflow', 'tasks', 'run', 'access_log_refresh_dag', 'load_access_logs', 'manual__2025-11-01T13:17:52.639081+00:00', '--job-id', '2', '--raw', '--subdir', 'DAGS_FOLDER/access_log_refresh_dag.py', '--cfg-path', '/tmp/tmpm1oly6c9']
[2025-11-01T13:17:54.342+0000] {standard_task_runner.py:91} INFO - Job 2: Subtask load_access_logs
[2025-11-01T13:17:54.357+0000] {logging_mixin.py:188} WARNING - /home/airflow/.local/lib/python3.12/site-packages/airflow/task/task_runner/standard_task_runner.py:62 DeprecationWarning: This process (pid=176) is multi-threaded, use of fork() may lead to deadlocks in the child.
[2025-11-01T13:17:54.358+0000] {standard_task_runner.py:64} INFO - Started process 177 to run task
[2025-11-01T13:17:54.508+0000] {task_command.py:426} INFO - Running <TaskInstance: access_log_refresh_dag.load_access_logs manual__2025-11-01T13:17:52.639081+00:00 [running]> on host 23c1e96fc6dd
[2025-11-01T13:17:54.747+0000] {taskinstance.py:2648} INFO - Exporting env vars: AIRFLOW_CTX_DAG_OWNER='airflow' AIRFLOW_CTX_DAG_ID='access_log_refresh_dag' AIRFLOW_CTX_TASK_ID='load_access_logs' AIRFLOW_CTX_EXECUTION_DATE='2025-11-01T13:17:52.639081+00:00' AIRFLOW_CTX_TRY_NUMBER='1' AIRFLOW_CTX_DAG_RUN_ID='manual__2025-11-01T13:17:52.639081+00:00'
[2025-11-01T13:17:54.749+0000] {taskinstance.py:430} INFO - ::endgroup::
[2025-11-01T13:18:04.052+0000] {taskinstance.py:441} INFO - ::group::Post task execution logs
[2025-11-01T13:18:04.054+0000] {taskinstance.py:2905} ERROR - Task failed with exception
Traceback (most recent call last):
  File "/home/airflow/.local/lib/python3.12/site-packages/airflow/models/taskinstance.py", line 465, in _execute_task
    result = _execute_callable(context=context, **execute_callable_kwargs)
             ^^^^^^^^^^^^^^^^^^^^^^^^^^^^^^^^^^^^^^^^^^^^^^^^^^^^^^^^^^^^^
  File "/home/airflow/.local/lib/python3.12/site-packages/airflow/models/taskinstance.py", line 432, in _execute_callable
    return execute_callable(context=context, **execute_callable_kwargs)
           ^^^^^^^^^^^^^^^^^^^^^^^^^^^^^^^^^^^^^^^^^^^^^^^^^^^^^^^^^^^^
  File "/home/airflow/.local/lib/python3.12/site-packages/airflow/models/baseoperator.py", line 401, in wrapper
    return func(self, *args, **kwargs)
           ^^^^^^^^^^^^^^^^^^^^^^^^^^^
  File "/home/airflow/.local/lib/python3.12/site-packages/airflow/operators/python.py", line 235, in execute
    return_value = self.execute_callable()
                   ^^^^^^^^^^^^^^^^^^^^^^^
  File "/home/airflow/.local/lib/python3.12/site-packages/airflow/operators/python.py", line 252, in execute_callable
    return self.python_callable(*self.op_args, **self.op_kwargs)
           ^^^^^^^^^^^^^^^^^^^^^^^^^^^^^^^^^^^^^^^^^^^^^^^^^^^^^
  File "/opt/airflow/dags/access_log_refresh_dag.py", line 16, in run_sqlalchemy_loader
    subprocess.run(["python3", "/opt/airflow/dags/load_access_logs_sqlalchemy.py"], check=True)
  File "/usr/local/lib/python3.12/subprocess.py", line 571, in run
    raise CalledProcessError(retcode, process.args,
subprocess.CalledProcessError: Command '['python3', '/opt/airflow/dags/load_access_logs_sqlalchemy.py']' returned non-zero exit status 1.
[2025-11-01T13:18:04.092+0000] {taskinstance.py:1206} INFO - Marking task as UP_FOR_RETRY. dag_id=access_log_refresh_dag, task_id=load_access_logs, run_id=manual__2025-11-01T13:17:52.639081+00:00, execution_date=20251101T131752, start_date=20251101T131754, end_date=20251101T131804
[2025-11-01T13:18:04.139+0000] {standard_task_runner.py:110} ERROR - Failed to execute job 2 for task load_access_logs (Command '['python3', '/opt/airflow/dags/load_access_logs_sqlalchemy.py']' returned non-zero exit status 1.; 177)
[2025-11-01T13:18:04.191+0000] {local_task_job_runner.py:243} INFO - Task exited with return code 1
[2025-11-01T13:18:04.327+0000] {taskinstance.py:3503} INFO - 0 downstream tasks scheduled from follow-on schedule check
[2025-11-01T13:18:04.353+0000] {local_task_job_runner.py:222} INFO - ::endgroup::
